<?xml version="1.0" encoding="utf-8"?>
<test-run id="2" testcasecount="377" result="Failed(Child)" total="377" passed="354" failed="23" inconclusive="0" skipped="0" asserts="0" engine-version="3.5.0.0" clr-version="4.0.30319.42000" start-time="2026-06-09 03:38:15Z" end-time="2026-06-09 03:38:16Z" duration="0.312994">
  <test-suite type="TestSuite" id="1000" name="The Unholy of Mention " fullname="The Unholy of Mention " runstate="Runnable" testcasecount="377" result="Failed" site="Child" start-time="2026-06-09 03:38:15Z" end-time="2026-06-09 03:38:16Z" duration="0.312994" total="377" passed="354" failed="23" inconclusive="0" skipped="0" asserts="0">
    <properties>
      <property name="platform" value="EditMode" />
    </properties>
    <failure>
      <message><![CDATA[One or more child tests had errors]]></message>
    </failure>
    <test-suite type="Assembly" id="1451" name="Assembly-CSharp-Editor.dll" fullname="C:/Users/user/Documents/GitHub/newCapstone/disputatio/Library/ScriptAssemblies/Assembly-CSharp-Editor.dll" runstate="Runnable" testcasecount="377" result="Failed" site="Child" start-time="2026-06-09 03:38:15Z" end-time="2026-06-09 03:38:16Z" duration="0.307727" total="377" passed="354" failed="23" inconclusive="0" skipped="0" asserts="0">
      <properties>
        <property name="_PID" value="71640" />
        <property name="_APPDOMAIN" value="Unity Child Domain" />
        <property name="platform" value="EditMode" />
        <property name="EditorOnly" value="True" />
      </properties>
      <failure>
        <message><![CDATA[One or more child tests had errors]]></message>
      </failure>
      <test-suite type="TestFixture" id="1135" name="AddItemToInventoryTests" fullname="AddItemToInventoryTests" classname="AddItemToInventoryTests" runstate="Runnable" testcasecount="5" result="Passed" start-time="2026-06-09 03:38:15Z" end-time="2026-06-09 03:38:15Z" duration="0.018751" total="5" passed="5" failed="0" inconclusive="0" skipped="0" asserts="0">
        <properties />
        <test-case id="1138" name="FindItemById_ReturnsCorrectItem_WhenMultipleExist" fullname="AddItemToInventoryTests.FindItemById_ReturnsCorrectItem_WhenMultipleExist" methodname="FindItemById_ReturnsCorrectItem_WhenMultipleExist" classname="AddItemToInventoryTests" runstate="Runnable" seed="53198609" result="Passed" start-time="2026-06-09 03:38:15Z" end-time="2026-06-09 03:38:15Z" duration="0.008225" asserts="0">
          <properties>
            <property name="retryIteration" value="0" />
            <property name="repeatIteration" value="0" />
          </properties>
        </test-case>
        <test-case id="1136" name="FindItemById_ReturnsItem_WhenIdExists" fullname="AddItemToInventoryTests.FindItemById_ReturnsItem_WhenIdExists" methodname="FindItemById_ReturnsItem_WhenIdExists" classname="AddItemToInventoryTests" runstate="Runnable" seed="606856045" result="Passed" start-time="2026-06-09 03:38:15Z" end-time="2026-06-09 03:38:15Z" duration="0.000180" asserts="0">
          <properties>
            <property name="retryIteration" value="0" />
            <property name="repeatIteration" value="0" />
          </properties>
        </test-case>
        <test-case id="1137" name="FindItemById_ReturnsNull_WhenIdDoesNotExist" fullname="AddItemToInventoryTests.FindItemById_ReturnsNull_WhenIdDoesNotExist" methodname="FindItemById_ReturnsNull_WhenIdDoesNotExist" classname="AddItemToInventoryTests" runstate="Runnable" seed="599813332" result="Passed" start-time="2026-06-09 03:38:15Z" end-time="2026-06-09 03:38:15Z" duration="0.000111" asserts="0">
          <properties>
            <property name="retryIteration" value="0" />
            <property name="repeatIteration" value="0" />
          </properties>
        </test-case>
        <test-case id="1140" name="GetButtonColor_ReturnsNonBlack" fullname="AddItemToInventoryTests.GetButtonColor_ReturnsNonBlack" methodname="GetButtonColor_ReturnsNonBlack" classname="AddItemToInventoryTests" runstate="Runnable" seed="632281243" result="Passed" start-time="2026-06-09 03:38:15Z" end-time="2026-06-09 03:38:15Z" duration="0.001461" asserts="0">
          <properties>
            <property name="retryIteration" value="0" />
            <property name="repeatIteration" value="0" />
          </properties>
        </test-case>
        <test-case id="1139" name="GetSummary_ReturnsItemId" fullname="AddItemToInventoryTests.GetSummary_ReturnsItemId" methodname="GetSummary_ReturnsItemId" classname="AddItemToInventoryTests" runstate="Runnable" seed="1482694935" result="Passed" start-time="2026-06-09 03:38:15Z" end-time="2026-06-09 03:38:15Z" duration="0.000346" asserts="0">
          <properties>
            <property name="retryIteration" value="0" />
            <property name="repeatIteration" value="0" />
          </properties>
        </test-case>
      </test-suite>
      <test-suite type="TestFixture" id="1187" name="BackNavigatorTests" fullname="BackNavigatorTests" classname="BackNavigatorTests" runstate="Runnable" testcasecount="10" result="Passed" start-time="2026-06-09 03:38:15Z" end-time="2026-06-09 03:38:15Z" duration="0.002252" total="10" passed="10" failed="0" inconclusive="0" skipped="0" asserts="0">
        <properties />
        <test-suite type="ParameterizedMethod" id="1197" name="TryResolveFixedReturnScene_MapsRoomScenesToApprovedDestinations" fullname="BackNavigatorTests.TryResolveFixedReturnScene_MapsRoomScenesToApprovedDestinations" classname="BackNavigatorTests" runstate="Runnable" testcasecount="9" result="Passed" start-time="2026-06-09 03:38:15Z" end-time="2026-06-09 03:38:15Z" duration="0.001378" total="9" passed="9" failed="0" inconclusive="0" skipped="0" asserts="0">
          <properties />
          <test-case id="1188" name="TryResolveFixedReturnScene_MapsRoomScenesToApprovedDestinations(&quot;MaidRoom&quot;,&quot;Hallway_Right&quot;)" fullname="BackNavigatorTests.TryResolveFixedReturnScene_MapsRoomScenesToApprovedDestinations(&quot;MaidRoom&quot;,&quot;Hallway_Right&quot;)" methodname="TryResolveFixedReturnScene_MapsRoomScenesToApprovedDestinations" classname="BackNavigatorTests" runstate="Runnable" seed="902580311" result="Passed" start-time="2026-06-09 03:38:15Z" end-time="2026-06-09 03:38:15Z" duration="0.000417" asserts="0">
            <properties>
              <property name="retryIteration" value="0" />
              <property name="repeatIteration" value="0" />
            </properties>
          </test-case>
          <test-case id="1189" name="TryResolveFixedReturnScene_MapsRoomScenesToApprovedDestinations(&quot;StudyRoom&quot;,&quot;Hallway_Right&quot;)" fullname="BackNavigatorTests.TryResolveFixedReturnScene_MapsRoomScenesToApprovedDestinations(&quot;StudyRoom&quot;,&quot;Hallway_Right&quot;)" methodname="TryResolveFixedReturnScene_MapsRoomScenesToApprovedDestinations" classname="BackNavigatorTests" runstate="Runnable" seed="1759022381" result="Passed" start-time="2026-06-09 03:38:15Z" end-time="2026-06-09 03:38:15Z" duration="0.000052" asserts="0">
            <properties>
              <property name="retryIteration" value="0" />
              <property name="repeatIteration" value="0" />
            </properties>
          </test-case>
          <test-case id="1190" name="TryResolveFixedReturnScene_MapsRoomScenesToApprovedDestinations(&quot;MaidEntrance&quot;,&quot;Hallway_Right&quot;)" fullname="BackNavigatorTests.TryResolveFixedReturnScene_MapsRoomScenesToApprovedDestinations(&quot;MaidEntrance&quot;,&quot;Hallway_Right&quot;)" methodname="TryResolveFixedReturnScene_MapsRoomScenesToApprovedDestinations" classname="BackNavigatorTests" runstate="Runnable" seed="659542394" result="Passed" start-time="2026-06-09 03:38:15Z" end-time="2026-06-09 03:38:15Z" duration="0.000028" asserts="0">
            <properties>
              <property name="retryIteration" value="0" />
              <property name="repeatIteration" value="0" />
            </properties>
          </test-case>
          <test-case id="1191" name="TryResolveFixedReturnScene_MapsRoomScenesToApprovedDestinations(&quot;StudyEntrance&quot;,&quot;Hallway_Right&quot;)" fullname="BackNavigatorTests.TryResolveFixedReturnScene_MapsRoomScenesToApprovedDestinations(&quot;StudyEntrance&quot;,&quot;Hallway_Right&quot;)" methodname="TryResolveFixedReturnScene_MapsRoomScenesToApprovedDestinations" classname="BackNavigatorTests" runstate="Runnable" seed="1645104709" result="Passed" start-time="2026-06-09 03:38:15Z" end-time="2026-06-09 03:38:15Z" duration="0.000025" asserts="0">
            <properties>
              <property name="retryIteration" value="0" />
              <property name="repeatIteration" value="0" />
            </properties>
          </test-case>
          <test-case id="1192" name="TryResolveFixedReturnScene_MapsRoomScenesToApprovedDestinations(&quot;PrisonEntrance&quot;,&quot;StudyRoom&quot;)" fullname="BackNavigatorTests.TryResolveFixedReturnScene_MapsRoomScenesToApprovedDestinations(&quot;PrisonEntrance&quot;,&quot;StudyRoom&quot;)" methodname="TryResolveFixedReturnScene_MapsRoomScenesToApprovedDestinations" classname="BackNavigatorTests" runstate="Runnable" seed="1094364500" result="Passed" start-time="2026-06-09 03:38:15Z" end-time="2026-06-09 03:38:15Z" duration="0.000026" asserts="0">
            <properties>
              <property name="retryIteration" value="0" />
              <property name="repeatIteration" value="0" />
            </properties>
          </test-case>
          <test-case id="1193" name="TryResolveFixedReturnScene_MapsRoomScenesToApprovedDestinations(&quot;BedRoom&quot;,&quot;2floorHallway_Right&quot;)" fullname="BackNavigatorTests.TryResolveFixedReturnScene_MapsRoomScenesToApprovedDestinations(&quot;BedRoom&quot;,&quot;2floorHallway_Right&quot;)" methodname="TryResolveFixedReturnScene_MapsRoomScenesToApprovedDestinations" classname="BackNavigatorTests" runstate="Runnable" seed="237330774" result="Passed" start-time="2026-06-09 03:38:15Z" end-time="2026-06-09 03:38:15Z" duration="0.000027" asserts="0">
            <properties>
              <property name="retryIteration" value="0" />
              <property name="repeatIteration" value="0" />
            </properties>
          </test-case>
          <test-case id="1194" name="TryResolveFixedReturnScene_MapsRoomScenesToApprovedDestinations(&quot;WifeRoom&quot;,&quot;2floorHallway_Right&quot;)" fullname="BackNavigatorTests.TryResolveFixedReturnScene_MapsRoomScenesToApprovedDestinations(&quot;WifeRoom&quot;,&quot;2floorHallway_Right&quot;)" methodname="TryResolveFixedReturnScene_MapsRoomScenesToApprovedDestinations" classname="BackNavigatorTests" runstate="Runnable" seed="696244774" result="Passed" start-time="2026-06-09 03:38:15Z" end-time="2026-06-09 03:38:15Z" duration="0.000023" asserts="0">
            <properties>
              <property name="retryIteration" value="0" />
              <property name="repeatIteration" value="0" />
            </properties>
          </test-case>
          <test-case id="1195" name="TryResolveFixedReturnScene_MapsRoomScenesToApprovedDestinations(&quot;TutorRoom&quot;,&quot;2floorHallway_Left&quot;)" fullname="BackNavigatorTests.TryResolveFixedReturnScene_MapsRoomScenesToApprovedDestinations(&quot;TutorRoom&quot;,&quot;2floorHallway_Left&quot;)" methodname="TryResolveFixedReturnScene_MapsRoomScenesToApprovedDestinations" classname="BackNavigatorTests" runstate="Runnable" seed="710814386" result="Passed" start-time="2026-06-09 03:38:15Z" end-time="2026-06-09 03:38:15Z" duration="0.000025" asserts="0">
            <properties>
              <property name="retryIteration" value="0" />
              <property name="repeatIteration" value="0" />
            </properties>
          </test-case>
          <test-case id="1196" name="TryResolveFixedReturnScene_MapsRoomScenesToApprovedDestinations(&quot;ChildRoom&quot;,&quot;2floorHallway_Left&quot;)" fullname="BackNavigatorTests.TryResolveFixedReturnScene_MapsRoomScenesToApprovedDestinations(&quot;ChildRoom&quot;,&quot;2floorHallway_Left&quot;)" methodname="TryResolveFixedReturnScene_MapsRoomScenesToApprovedDestinations" classname="BackNavigatorTests" runstate="Runnable" seed="1865973700" result="Passed" start-time="2026-06-09 03:38:15Z" end-time="2026-06-09 03:38:15Z" duration="0.000024" asserts="0">
            <properties>
              <property name="retryIteration" value="0" />
              <property name="repeatIteration" value="0" />
            </properties>
          </test-case>
        </test-suite>
        <test-case id="1198" name="TryResolveFixedReturnScene_ReturnsFalseForUnmappedScenes" fullname="BackNavigatorTests.TryResolveFixedReturnScene_ReturnsFalseForUnmappedScenes" methodname="TryResolveFixedReturnScene_ReturnsFalseForUnmappedScenes" classname="BackNavigatorTests" runstate="Runnable" seed="1205587475" result="Passed" start-time="2026-06-09 03:38:15Z" end-time="2026-06-09 03:38:15Z" duration="0.000178" asserts="0">
          <properties>
            <property name="retryIteration" value="0" />
            <property name="repeatIteration" value="0" />
          </properties>
        </test-case>
      </test-suite>
      <test-suite type="TestFixture" id="1199" name="BackspaceUiStyleCatalogTests" fullname="BackspaceUiStyleCatalogTests" classname="BackspaceUiStyleCatalogTests" runstate="Runnable" testcasecount="15" result="Passed" start-time="2026-06-09 03:38:15Z" end-time="2026-06-09 03:38:15Z" duration="0.004921" total="15" passed="15" failed="0" inconclusive="0" skipped="0" asserts="0">
        <properties />
        <test-case id="1201" name="InteractionPanelVariants_ExposeAllThreeRequestedPrefabs" fullname="BackspaceUiStyleCatalogTests.InteractionPanelVariants_ExposeAllThreeRequestedPrefabs" methodname="InteractionPanelVariants_ExposeAllThreeRequestedPrefabs" classname="BackspaceUiStyleCatalogTests" runstate="Runnable" seed="1358209234" result="Passed" start-time="2026-06-09 03:38:15Z" end-time="2026-06-09 03:38:15Z" duration="0.000846" asserts="0">
          <properties>
            <property name="retryIteration" value="0" />
            <property name="repeatIteration" value="0" />
          </properties>
        </test-case>
        <test-case id="1202" name="PanelBackspaceButtonPrefabPath_PointsToReusableButtonPrefab" fullname="BackspaceUiStyleCatalogTests.PanelBackspaceButtonPrefabPath_PointsToReusableButtonPrefab" methodname="PanelBackspaceButtonPrefabPath_PointsToReusableButtonPrefab" classname="BackspaceUiStyleCatalogTests" runstate="Runnable" seed="522103154" result="Passed" start-time="2026-06-09 03:38:15Z" end-time="2026-06-09 03:38:15Z" duration="0.000064" asserts="0">
          <properties>
            <property name="retryIteration" value="0" />
            <property name="repeatIteration" value="0" />
          </properties>
        </test-case>
        <test-case id="1205" name="SceneApplier_ExcludesFlowLockedScenesFromSceneBackspace" fullname="BackspaceUiStyleCatalogTests.SceneApplier_ExcludesFlowLockedScenesFromSceneBackspace" methodname="SceneApplier_ExcludesFlowLockedScenesFromSceneBackspace" classname="BackspaceUiStyleCatalogTests" runstate="Runnable" seed="568472433" result="Passed" start-time="2026-06-09 03:38:15Z" end-time="2026-06-09 03:38:15Z" duration="0.000128" asserts="0">
          <properties>
            <property name="retryIteration" value="0" />
            <property name="repeatIteration" value="0" />
          </properties>
        </test-case>
        <test-case id="1214" name="SceneApplier_MapsPanelsWithLegacyCloseBlocks" fullname="BackspaceUiStyleCatalogTests.SceneApplier_MapsPanelsWithLegacyCloseBlocks" methodname="SceneApplier_MapsPanelsWithLegacyCloseBlocks" classname="BackspaceUiStyleCatalogTests" runstate="Runnable" seed="63489216" result="Passed" start-time="2026-06-09 03:38:15Z" end-time="2026-06-09 03:38:15Z" duration="0.000153" asserts="0">
          <properties>
            <property name="retryIteration" value="0" />
            <property name="repeatIteration" value="0" />
          </properties>
        </test-case>
        <test-case id="1212" name="SceneApplier_RecognizesChatbotPanelTargets" fullname="BackspaceUiStyleCatalogTests.SceneApplier_RecognizesChatbotPanelTargets" methodname="SceneApplier_RecognizesChatbotPanelTargets" classname="BackspaceUiStyleCatalogTests" runstate="Runnable" seed="429691230" result="Passed" start-time="2026-06-09 03:38:15Z" end-time="2026-06-09 03:38:15Z" duration="0.000107" asserts="0">
          <properties>
            <property name="retryIteration" value="0" />
            <property name="repeatIteration" value="0" />
          </properties>
        </test-case>
        <test-case id="1207" name="SceneApplier_RecognizesCurrentBackspaceObjectNames" fullname="BackspaceUiStyleCatalogTests.SceneApplier_RecognizesCurrentBackspaceObjectNames" methodname="SceneApplier_RecognizesCurrentBackspaceObjectNames" classname="BackspaceUiStyleCatalogTests" runstate="Runnable" seed="1280527603" result="Passed" start-time="2026-06-09 03:38:15Z" end-time="2026-06-09 03:38:15Z" duration="0.000093" asserts="0">
          <properties>
            <property name="retryIteration" value="0" />
            <property name="repeatIteration" value="0" />
          </properties>
        </test-case>
        <test-case id="1209" name="SceneApplier_RecognizesKnownInteractionPanels" fullname="BackspaceUiStyleCatalogTests.SceneApplier_RecognizesKnownInteractionPanels" methodname="SceneApplier_RecognizesKnownInteractionPanels" classname="BackspaceUiStyleCatalogTests" runstate="Runnable" seed="1885163839" result="Passed" start-time="2026-06-09 03:38:15Z" end-time="2026-06-09 03:38:15Z" duration="0.000088" asserts="0">
          <properties>
            <property name="retryIteration" value="0" />
            <property name="repeatIteration" value="0" />
          </properties>
        </test-case>
        <test-case id="1204" name="SceneApplier_RecognizesLegacySceneBackspaceNameForCleanup" fullname="BackspaceUiStyleCatalogTests.SceneApplier_RecognizesLegacySceneBackspaceNameForCleanup" methodname="SceneApplier_RecognizesLegacySceneBackspaceNameForCleanup" classname="BackspaceUiStyleCatalogTests" runstate="Runnable" seed="771166189" result="Passed" start-time="2026-06-09 03:38:15Z" end-time="2026-06-09 03:38:15Z" duration="0.000077" asserts="0">
          <properties>
            <property name="retryIteration" value="0" />
            <property name="repeatIteration" value="0" />
          </properties>
        </test-case>
        <test-case id="1203" name="SceneApplier_RecognizesOnlySceneNavigationBackspaceNames" fullname="BackspaceUiStyleCatalogTests.SceneApplier_RecognizesOnlySceneNavigationBackspaceNames" methodname="SceneApplier_RecognizesOnlySceneNavigationBackspaceNames" classname="BackspaceUiStyleCatalogTests" runstate="Runnable" seed="153578202" result="Passed" start-time="2026-06-09 03:38:15Z" end-time="2026-06-09 03:38:15Z" duration="0.000071" asserts="0">
          <properties>
            <property name="retryIteration" value="0" />
            <property name="repeatIteration" value="0" />
          </properties>
        </test-case>
        <test-case id="1208" name="SceneApplier_RecognizesPanelBackspaceCandidateNames" fullname="BackspaceUiStyleCatalogTests.SceneApplier_RecognizesPanelBackspaceCandidateNames" methodname="SceneApplier_RecognizesPanelBackspaceCandidateNames" classname="BackspaceUiStyleCatalogTests" runstate="Runnable" seed="188135940" result="Passed" start-time="2026-06-09 03:38:15Z" end-time="2026-06-09 03:38:15Z" duration="0.000092" asserts="0">
          <properties>
            <property name="retryIteration" value="0" />
            <property name="repeatIteration" value="0" />
          </properties>
        </test-case>
        <test-case id="1210" name="SceneApplier_RecognizesSceneSpecificInteractionPanelTargets" fullname="BackspaceUiStyleCatalogTests.SceneApplier_RecognizesSceneSpecificInteractionPanelTargets" methodname="SceneApplier_RecognizesSceneSpecificInteractionPanelTargets" classname="BackspaceUiStyleCatalogTests" runstate="Runnable" seed="1161103815" result="Passed" start-time="2026-06-09 03:38:15Z" end-time="2026-06-09 03:38:15Z" duration="0.000108" asserts="0">
          <properties>
            <property name="retryIteration" value="0" />
            <property name="repeatIteration" value="0" />
          </properties>
        </test-case>
        <test-case id="1213" name="SceneApplier_RecognizesScenesThatContainKnownChatbotPanelTargets" fullname="BackspaceUiStyleCatalogTests.SceneApplier_RecognizesScenesThatContainKnownChatbotPanelTargets" methodname="SceneApplier_RecognizesScenesThatContainKnownChatbotPanelTargets" classname="BackspaceUiStyleCatalogTests" runstate="Runnable" seed="1355410174" result="Passed" start-time="2026-06-09 03:38:15Z" end-time="2026-06-09 03:38:15Z" duration="0.000095" asserts="0">
          <properties>
            <property name="retryIteration" value="0" />
            <property name="repeatIteration" value="0" />
          </properties>
        </test-case>
        <test-case id="1211" name="SceneApplier_RecognizesScenesThatContainKnownInteractionPanelTargets" fullname="BackspaceUiStyleCatalogTests.SceneApplier_RecognizesScenesThatContainKnownInteractionPanelTargets" methodname="SceneApplier_RecognizesScenesThatContainKnownInteractionPanelTargets" classname="BackspaceUiStyleCatalogTests" runstate="Runnable" seed="1774774497" result="Passed" start-time="2026-06-09 03:38:15Z" end-time="2026-06-09 03:38:15Z" duration="0.000097" asserts="0">
          <properties>
            <property name="retryIteration" value="0" />
            <property name="repeatIteration" value="0" />
          </properties>
        </test-case>
        <test-case id="1206" name="SceneBackCanvas_SortsBehindPanels" fullname="BackspaceUiStyleCatalogTests.SceneBackCanvas_SortsBehindPanels" methodname="SceneBackCanvas_SortsBehindPanels" classname="BackspaceUiStyleCatalogTests" runstate="Runnable" seed="787117700" result="Passed" start-time="2026-06-09 03:38:15Z" end-time="2026-06-09 03:38:15Z" duration="0.001600" asserts="0">
          <properties>
            <property name="retryIteration" value="0" />
            <property name="repeatIteration" value="0" />
          </properties>
        </test-case>
        <test-case id="1200" name="SelectedStyles_MatchApprovedChoices" fullname="BackspaceUiStyleCatalogTests.SelectedStyles_MatchApprovedChoices" methodname="SelectedStyles_MatchApprovedChoices" classname="BackspaceUiStyleCatalogTests" runstate="Runnable" seed="1971251927" result="Passed" start-time="2026-06-09 03:38:15Z" end-time="2026-06-09 03:38:15Z" duration="0.000100" asserts="0">
          <properties>
            <property name="retryIteration" value="0" />
            <property name="repeatIteration" value="0" />
          </properties>
        </test-case>
      </test-suite>
      <test-suite type="TestFixture" id="1215" name="BedRoomInteractionControllerTests" fullname="BedRoomInteractionControllerTests" classname="BedRoomInteractionControllerTests" runstate="Runnable" testcasecount="9" result="Passed" start-time="2026-06-09 03:38:15Z" end-time="2026-06-09 03:38:15Z" duration="0.014224" total="9" passed="9" failed="0" inconclusive="0" skipped="0" asserts="0">
        <properties />
        <test-case id="1224" name="OnBlockEnd_SelectNo_ResetsIsClicked" fullname="BedRoomInteractionControllerTests.OnBlockEnd_SelectNo_ResetsIsClicked" methodname="OnBlockEnd_SelectNo_ResetsIsClicked" classname="BedRoomInteractionControllerTests" runstate="Runnable" seed="540237633" result="Passed" start-time="2026-06-09 03:38:15Z" end-time="2026-06-09 03:38:15Z" duration="0.007041" asserts="0">
          <properties>
            <property name="retryIteration" value="0" />
            <property name="repeatIteration" value="0" />
          </properties>
          <output><![CDATA[[FlowchartLocator] 'Variablemanager' GameObject를 찾을 수 없습니다.
]]></output>
        </test-case>
        <test-case id="1223" name="OnBlockEnd_SelectYes_InvokesGoBackHandler" fullname="BedRoomInteractionControllerTests.OnBlockEnd_SelectYes_InvokesGoBackHandler" methodname="OnBlockEnd_SelectYes_InvokesGoBackHandler" classname="BedRoomInteractionControllerTests" runstate="Runnable" seed="1040661513" result="Passed" start-time="2026-06-09 03:38:15Z" end-time="2026-06-09 03:38:15Z" duration="0.000439" asserts="0">
          <properties>
            <property name="retryIteration" value="0" />
            <property name="repeatIteration" value="0" />
          </properties>
        </test-case>
        <test-case id="1219" name="OnClosePanel_DeactivatesPanelAndResetsIsClicked" fullname="BedRoomInteractionControllerTests.OnClosePanel_DeactivatesPanelAndResetsIsClicked" methodname="OnClosePanel_DeactivatesPanelAndResetsIsClicked" classname="BedRoomInteractionControllerTests" runstate="Runnable" seed="1969601638" result="Passed" start-time="2026-06-09 03:38:15Z" end-time="2026-06-09 03:38:15Z" duration="0.001524" asserts="0">
          <properties>
            <property name="retryIteration" value="0" />
            <property name="repeatIteration" value="0" />
          </properties>
          <output><![CDATA[[FlowchartLocator] 'Variablemanager' GameObject를 찾을 수 없습니다.
]]></output>
        </test-case>
        <test-case id="1220" name="OnClosePanel_SafePanel_HidesSafeItemEffectWhenKeyFlagsSet" fullname="BedRoomInteractionControllerTests.OnClosePanel_SafePanel_HidesSafeItemEffectWhenKeyFlagsSet" methodname="OnClosePanel_SafePanel_HidesSafeItemEffectWhenKeyFlagsSet" classname="BedRoomInteractionControllerTests" runstate="Runnable" seed="1004682473" result="Passed" start-time="2026-06-09 03:38:15Z" end-time="2026-06-09 03:38:15Z" duration="0.000933" asserts="0">
          <properties>
            <property name="retryIteration" value="0" />
            <property name="repeatIteration" value="0" />
          </properties>
          <output><![CDATA[[FlowchartLocator] 'Variablemanager' GameObject를 찾을 수 없습니다.
]]></output>
        </test-case>
        <test-case id="1221" name="OnClosePanel_SafePanel_KeepsSafeItemEffectWhenKeyFlagsMissing" fullname="BedRoomInteractionControllerTests.OnClosePanel_SafePanel_KeepsSafeItemEffectWhenKeyFlagsMissing" methodname="OnClosePanel_SafePanel_KeepsSafeItemEffectWhenKeyFlagsMissing" classname="BedRoomInteractionControllerTests" runstate="Runnable" seed="1264094318" result="Passed" start-time="2026-06-09 03:38:15Z" end-time="2026-06-09 03:38:15Z" duration="0.000673" asserts="0">
          <properties>
            <property name="retryIteration" value="0" />
            <property name="repeatIteration" value="0" />
          </properties>
          <output><![CDATA[[FlowchartLocator] 'Variablemanager' GameObject를 찾을 수 없습니다.
]]></output>
        </test-case>
        <test-case id="1222" name="OnInteraction_BackId_ExecutesBackSpaceClickedBlock" fullname="BedRoomInteractionControllerTests.OnInteraction_BackId_ExecutesBackSpaceClickedBlock" methodname="OnInteraction_BackId_ExecutesBackSpaceClickedBlock" classname="BedRoomInteractionControllerTests" runstate="Runnable" seed="466855943" result="Passed" start-time="2026-06-09 03:38:15Z" end-time="2026-06-09 03:38:15Z" duration="0.001308" asserts="0">
          <properties>
            <property name="retryIteration" value="0" />
            <property name="repeatIteration" value="0" />
          </properties>
        </test-case>
        <test-case id="1217" name="OnInteraction_KnownId_ExecutesMappedBlock" fullname="BedRoomInteractionControllerTests.OnInteraction_KnownId_ExecutesMappedBlock" methodname="OnInteraction_KnownId_ExecutesMappedBlock" classname="BedRoomInteractionControllerTests" runstate="Runnable" seed="273920841" result="Passed" start-time="2026-06-09 03:38:15Z" end-time="2026-06-09 03:38:15Z" duration="0.000248" asserts="0">
          <properties>
            <property name="retryIteration" value="0" />
            <property name="repeatIteration" value="0" />
          </properties>
        </test-case>
        <test-case id="1216" name="OnInteraction_UnknownId_IsIgnored" fullname="BedRoomInteractionControllerTests.OnInteraction_UnknownId_IsIgnored" methodname="OnInteraction_UnknownId_IsIgnored" classname="BedRoomInteractionControllerTests" runstate="Runnable" seed="350621884" result="Passed" start-time="2026-06-09 03:38:15Z" end-time="2026-06-09 03:38:15Z" duration="0.000240" asserts="0">
          <properties>
            <property name="retryIteration" value="0" />
            <property name="repeatIteration" value="0" />
          </properties>
        </test-case>
        <test-case id="1218" name="OnInteraction_UnlockId_ExecutesOnUnlockBlock" fullname="BedRoomInteractionControllerTests.OnInteraction_UnlockId_ExecutesOnUnlockBlock" methodname="OnInteraction_UnlockId_ExecutesOnUnlockBlock" classname="BedRoomInteractionControllerTests" runstate="Runnable" seed="1357430912" result="Passed" start-time="2026-06-09 03:38:15Z" end-time="2026-06-09 03:38:15Z" duration="0.000306" asserts="0">
          <properties>
            <property name="retryIteration" value="0" />
            <property name="repeatIteration" value="0" />
          </properties>
        </test-case>
      </test-suite>
      <test-suite type="TestFixture" id="1225" name="BookOverlayPagedReaderInputLockTests" fullname="BookOverlayPagedReaderInputLockTests" classname="BookOverlayPagedReaderInputLockTests" runstate="Runnable" testcasecount="2" result="Failed" site="Child" start-time="2026-06-09 03:38:15Z" end-time="2026-06-09 03:38:15Z" duration="0.003081" total="2" passed="1" failed="1" inconclusive="0" skipped="0" asserts="0">
        <properties />
        <failure>
          <message><![CDATA[One or more child tests had errors]]></message>
        </failure>
        <test-case id="1227" name="OnDisable_UnlocksWorldInteraction" fullname="BookOverlayPagedReaderInputLockTests.OnDisable_UnlocksWorldInteraction" methodname="OnDisable_UnlocksWorldInteraction" classname="BookOverlayPagedReaderInputLockTests" runstate="Runnable" seed="1935318897" result="Passed" start-time="2026-06-09 03:38:15Z" end-time="2026-06-09 03:38:15Z" duration="0.000345" asserts="0">
          <properties>
            <property name="retryIteration" value="0" />
            <property name="repeatIteration" value="0" />
          </properties>
        </test-case>
        <test-case id="1226" name="OnEnable_LocksWorldInteractionUntilOverlayCloses" fullname="BookOverlayPagedReaderInputLockTests.OnEnable_LocksWorldInteractionUntilOverlayCloses" methodname="OnEnable_LocksWorldInteractionUntilOverlayCloses" classname="BookOverlayPagedReaderInputLockTests" runstate="Runnable" seed="1851112180" result="Failed" start-time="2026-06-09 03:38:15Z" end-time="2026-06-09 03:38:15Z" duration="0.002170" asserts="0">
          <properties>
            <property name="retryIteration" value="0" />
            <property name="repeatIteration" value="0" />
          </properties>
          <failure>
            <message><![CDATA[  Expected: True
  But was:  False
]]></message>
            <stack-trace><![CDATA[at BookOverlayPagedReaderInputLockTests.OnEnable_LocksWorldInteractionUntilOverlayCloses () [0x00034] in C:\Users\user\Documents\GitHub\newCapstone\disputatio\Assets\Editor\Tests\EditMode\UI\BookOverlayPagedReaderInputLockTests.cs:26
]]></stack-trace>
          </failure>
        </test-case>
      </test-suite>
      <test-suite type="TestFixture" id="1228" name="BookPanelControllerAutoMapTests" fullname="BookPanelControllerAutoMapTests" classname="BookPanelControllerAutoMapTests" runstate="Runnable" testcasecount="1" result="Failed" site="Child" start-time="2026-06-09 03:38:15Z" end-time="2026-06-09 03:38:15Z" duration="0.057474" total="1" passed="0" failed="1" inconclusive="0" skipped="0" asserts="0">
        <properties />
        <failure>
          <message><![CDATA[One or more child tests had errors]]></message>
        </failure>
        <test-case id="1229" name="AutoMapPuzzleBook_DoesNotUseBackspaceLabelAsPageText" fullname="BookPanelControllerAutoMapTests.AutoMapPuzzleBook_DoesNotUseBackspaceLabelAsPageText" methodname="AutoMapPuzzleBook_DoesNotUseBackspaceLabelAsPageText" classname="BookPanelControllerAutoMapTests" runstate="Runnable" seed="322715636" result="Failed" start-time="2026-06-09 03:38:15Z" end-time="2026-06-09 03:38:15Z" duration="0.057058" asserts="0">
          <properties>
            <property name="retryIteration" value="0" />
            <property name="repeatIteration" value="0" />
          </properties>
          <failure>
            <message><![CDATA[  Expected: same as <PuzzleBookRecipeText (TMPro.TextMeshProUGUI)>
  But was:  null
]]></message>
            <stack-trace><![CDATA[at BookPanelControllerAutoMapTests.AutoMapPuzzleBook_DoesNotUseBackspaceLabelAsPageText () [0x0011b] in C:\Users\user\Documents\GitHub\newCapstone\disputatio\Assets\Editor\Tests\EditMode\UI\BookPanelControllerAutoMapTests.cs:40
]]></stack-trace>
          </failure>
        </test-case>
      </test-suite>
      <test-suite type="TestFixture" id="1001" name="ChatHistoryManagerTests" fullname="ChatHistoryManagerTests" classname="ChatHistoryManagerTests" runstate="Runnable" testcasecount="8" result="Passed" start-time="2026-06-09 03:38:15Z" end-time="2026-06-09 03:38:15Z" duration="0.012955" total="8" passed="8" failed="0" inconclusive="0" skipped="0" asserts="0">
        <properties />
        <test-case id="1004" name="AddMessage_AppendsToHistory" fullname="ChatHistoryManagerTests.AddMessage_AppendsToHistory" methodname="AddMessage_AppendsToHistory" classname="ChatHistoryManagerTests" runstate="Runnable" seed="1807305181" result="Passed" start-time="2026-06-09 03:38:15Z" end-time="2026-06-09 03:38:15Z" duration="0.000491" asserts="0">
          <properties>
            <property name="retryIteration" value="0" />
            <property name="repeatIteration" value="0" />
          </properties>
        </test-case>
        <test-case id="1005" name="AddMessage_MultipleTimes_PreservesOrder" fullname="ChatHistoryManagerTests.AddMessage_MultipleTimes_PreservesOrder" methodname="AddMessage_MultipleTimes_PreservesOrder" classname="ChatHistoryManagerTests" runstate="Runnable" seed="1289732941" result="Passed" start-time="2026-06-09 03:38:15Z" end-time="2026-06-09 03:38:15Z" duration="0.000157" asserts="0">
          <properties>
            <property name="retryIteration" value="0" />
            <property name="repeatIteration" value="0" />
          </properties>
        </test-case>
        <test-case id="1006" name="ComposeSystemPrompt_AppendVoiceFalse_ReturnsRoomPromptUnchanged" fullname="ChatHistoryManagerTests.ComposeSystemPrompt_AppendVoiceFalse_ReturnsRoomPromptUnchanged" methodname="ComposeSystemPrompt_AppendVoiceFalse_ReturnsRoomPromptUnchanged" classname="ChatHistoryManagerTests" runstate="Runnable" seed="722265423" result="Passed" start-time="2026-06-09 03:38:15Z" end-time="2026-06-09 03:38:15Z" duration="0.000154" asserts="0">
          <properties>
            <property name="retryIteration" value="0" />
            <property name="repeatIteration" value="0" />
          </properties>
        </test-case>
        <test-case id="1008" name="ComposeSystemPrompt_EmptyRoomPrompt_ReturnsEmpty" fullname="ChatHistoryManagerTests.ComposeSystemPrompt_EmptyRoomPrompt_ReturnsEmpty" methodname="ComposeSystemPrompt_EmptyRoomPrompt_ReturnsEmpty" classname="ChatHistoryManagerTests" runstate="Runnable" seed="1648522216" result="Passed" start-time="2026-06-09 03:38:15Z" end-time="2026-06-09 03:38:15Z" duration="0.000070" asserts="0">
          <properties>
            <property name="retryIteration" value="0" />
            <property name="repeatIteration" value="0" />
          </properties>
        </test-case>
        <test-case id="1007" name="ComposeSystemPrompt_NullRoomPrompt_ReturnsNull" fullname="ChatHistoryManagerTests.ComposeSystemPrompt_NullRoomPrompt_ReturnsNull" methodname="ComposeSystemPrompt_NullRoomPrompt_ReturnsNull" classname="ChatHistoryManagerTests" runstate="Runnable" seed="1472075909" result="Passed" start-time="2026-06-09 03:38:15Z" end-time="2026-06-09 03:38:15Z" duration="0.000054" asserts="0">
          <properties>
            <property name="retryIteration" value="0" />
            <property name="repeatIteration" value="0" />
          </properties>
        </test-case>
        <test-case id="1009" name="History_BeforeInitialize_IsEmpty" fullname="ChatHistoryManagerTests.History_BeforeInitialize_IsEmpty" methodname="History_BeforeInitialize_IsEmpty" classname="ChatHistoryManagerTests" runstate="Runnable" seed="10874268" result="Passed" start-time="2026-06-09 03:38:15Z" end-time="2026-06-09 03:38:15Z" duration="0.000083" asserts="0">
          <properties>
            <property name="retryIteration" value="0" />
            <property name="repeatIteration" value="0" />
          </properties>
        </test-case>
        <test-case id="1003" name="Initialize_CalledTwice_ResetsToSingleMessage" fullname="ChatHistoryManagerTests.Initialize_CalledTwice_ResetsToSingleMessage" methodname="Initialize_CalledTwice_ResetsToSingleMessage" classname="ChatHistoryManagerTests" runstate="Runnable" seed="2082384032" result="Passed" start-time="2026-06-09 03:38:15Z" end-time="2026-06-09 03:38:15Z" duration="0.000097" asserts="0">
          <properties>
            <property name="retryIteration" value="0" />
            <property name="repeatIteration" value="0" />
          </properties>
        </test-case>
        <test-case id="1002" name="Initialize_ClearsHistoryAndAddsSystemMessage" fullname="ChatHistoryManagerTests.Initialize_ClearsHistoryAndAddsSystemMessage" methodname="Initialize_ClearsHistoryAndAddsSystemMessage" classname="ChatHistoryManagerTests" runstate="Runnable" seed="630503142" result="Passed" start-time="2026-06-09 03:38:15Z" end-time="2026-06-09 03:38:15Z" duration="0.000354" asserts="0">
          <properties>
            <property name="retryIteration" value="0" />
            <property name="repeatIteration" value="0" />
          </properties>
        </test-case>
      </test-suite>
      <test-suite type="TestFixture" id="1010" name="ChatHttpClientTests" fullname="ChatHttpClientTests" classname="ChatHttpClientTests" runstate="Runnable" testcasecount="13" result="Passed" start-time="2026-06-09 03:38:15Z" end-time="2026-06-09 03:38:15Z" duration="0.002898" total="13" passed="13" failed="0" inconclusive="0" skipped="0" asserts="0">
        <properties />
        <test-case id="1022" name="Constructor_NullHistory_ThrowsArgumentNullException" fullname="ChatHttpClientTests.Constructor_NullHistory_ThrowsArgumentNullException" methodname="Constructor_NullHistory_ThrowsArgumentNullException" classname="ChatHttpClientTests" runstate="Runnable" seed="1758821177" result="Passed" start-time="2026-06-09 03:38:15Z" end-time="2026-06-09 03:38:15Z" duration="0.000712" asserts="0">
          <properties>
            <property name="retryIteration" value="0" />
            <property name="repeatIteration" value="0" />
          </properties>
        </test-case>
        <test-case id="1021" name="Constructor_NullHost_ThrowsArgumentNullException" fullname="ChatHttpClientTests.Constructor_NullHost_ThrowsArgumentNullException" methodname="Constructor_NullHost_ThrowsArgumentNullException" classname="ChatHttpClientTests" runstate="Runnable" seed="917580794" result="Passed" start-time="2026-06-09 03:38:15Z" end-time="2026-06-09 03:38:15Z" duration="0.000185" asserts="0">
          <properties>
            <property name="retryIteration" value="0" />
            <property name="repeatIteration" value="0" />
          </properties>
        </test-case>
        <test-case id="1020" name="Constructor_NullResolveServerUrl_ThrowsArgumentNullException" fullname="ChatHttpClientTests.Constructor_NullResolveServerUrl_ThrowsArgumentNullException" methodname="Constructor_NullResolveServerUrl_ThrowsArgumentNullException" classname="ChatHttpClientTests" runstate="Runnable" seed="1351454983" result="Passed" start-time="2026-06-09 03:38:15Z" end-time="2026-06-09 03:38:15Z" duration="0.000121" asserts="0">
          <properties>
            <property name="retryIteration" value="0" />
            <property name="repeatIteration" value="0" />
          </properties>
        </test-case>
        <test-case id="1019" name="ResolveChatClientUserId_InEditor_ReturnsEditorId" fullname="ChatHttpClientTests.ResolveChatClientUserId_InEditor_ReturnsEditorId" methodname="ResolveChatClientUserId_InEditor_ReturnsEditorId" classname="ChatHttpClientTests" runstate="Runnable" seed="363924325" result="Passed" start-time="2026-06-09 03:38:15Z" end-time="2026-06-09 03:38:15Z" duration="0.000056" asserts="0">
          <properties>
            <property name="retryIteration" value="0" />
            <property name="repeatIteration" value="0" />
          </properties>
        </test-case>
        <test-case id="1018" name="ResolveChatClientUserId_ReturnsNonNullNonEmpty" fullname="ChatHttpClientTests.ResolveChatClientUserId_ReturnsNonNullNonEmpty" methodname="ResolveChatClientUserId_ReturnsNonNullNonEmpty" classname="ChatHttpClientTests" runstate="Runnable" seed="17847349" result="Passed" start-time="2026-06-09 03:38:15Z" end-time="2026-06-09 03:38:15Z" duration="0.000056" asserts="0">
          <properties>
            <property name="retryIteration" value="0" />
            <property name="repeatIteration" value="0" />
          </properties>
        </test-case>
        <test-case id="1023" name="ResolvedServerUrl_DelegatesToFunc" fullname="ChatHttpClientTests.ResolvedServerUrl_DelegatesToFunc" methodname="ResolvedServerUrl_DelegatesToFunc" classname="ChatHttpClientTests" runstate="Runnable" seed="347369667" result="Passed" start-time="2026-06-09 03:38:15Z" end-time="2026-06-09 03:38:15Z" duration="0.000127" asserts="0">
          <properties>
            <property name="retryIteration" value="0" />
            <property name="repeatIteration" value="0" />
          </properties>
        </test-case>
        <test-case id="1012" name="TryNormalizePrompt_EmptyString_ReturnsFalse" fullname="ChatHttpClientTests.TryNormalizePrompt_EmptyString_ReturnsFalse" methodname="TryNormalizePrompt_EmptyString_ReturnsFalse" classname="ChatHttpClientTests" runstate="Runnable" seed="83543105" result="Passed" start-time="2026-06-09 03:38:15Z" end-time="2026-06-09 03:38:15Z" duration="0.000109" asserts="0">
          <properties>
            <property name="retryIteration" value="0" />
            <property name="repeatIteration" value="0" />
          </properties>
        </test-case>
        <test-case id="1015" name="TryNormalizePrompt_ExactlyMaxLength_ReturnsUnchanged" fullname="ChatHttpClientTests.TryNormalizePrompt_ExactlyMaxLength_ReturnsUnchanged" methodname="TryNormalizePrompt_ExactlyMaxLength_ReturnsUnchanged" classname="ChatHttpClientTests" runstate="Runnable" seed="651517054" result="Passed" start-time="2026-06-09 03:38:15Z" end-time="2026-06-09 03:38:15Z" duration="0.000157" asserts="0">
          <properties>
            <property name="retryIteration" value="0" />
            <property name="repeatIteration" value="0" />
          </properties>
        </test-case>
        <test-case id="1016" name="TryNormalizePrompt_ExceedsMaxLength_TruncatesTo2000" fullname="ChatHttpClientTests.TryNormalizePrompt_ExceedsMaxLength_TruncatesTo2000" methodname="TryNormalizePrompt_ExceedsMaxLength_TruncatesTo2000" classname="ChatHttpClientTests" runstate="Runnable" seed="1449205626" result="Passed" start-time="2026-06-09 03:38:15Z" end-time="2026-06-09 03:38:15Z" duration="0.000087" asserts="0">
          <properties>
            <property name="retryIteration" value="0" />
            <property name="repeatIteration" value="0" />
          </properties>
        </test-case>
        <test-case id="1014" name="TryNormalizePrompt_NormalMessage_ReturnsTrueAndTrimmed" fullname="ChatHttpClientTests.TryNormalizePrompt_NormalMessage_ReturnsTrueAndTrimmed" methodname="TryNormalizePrompt_NormalMessage_ReturnsTrueAndTrimmed" classname="ChatHttpClientTests" runstate="Runnable" seed="1324179626" result="Passed" start-time="2026-06-09 03:38:15Z" end-time="2026-06-09 03:38:15Z" duration="0.000058" asserts="0">
          <properties>
            <property name="retryIteration" value="0" />
            <property name="repeatIteration" value="0" />
          </properties>
        </test-case>
        <test-case id="1011" name="TryNormalizePrompt_NullInput_ReturnsFalse" fullname="ChatHttpClientTests.TryNormalizePrompt_NullInput_ReturnsFalse" methodname="TryNormalizePrompt_NullInput_ReturnsFalse" classname="ChatHttpClientTests" runstate="Runnable" seed="973591164" result="Passed" start-time="2026-06-09 03:38:15Z" end-time="2026-06-09 03:38:15Z" duration="0.000048" asserts="0">
          <properties>
            <property name="retryIteration" value="0" />
            <property name="repeatIteration" value="0" />
          </properties>
        </test-case>
        <test-case id="1017" name="TryNormalizePrompt_OneChar_ReturnsTrue" fullname="ChatHttpClientTests.TryNormalizePrompt_OneChar_ReturnsTrue" methodname="TryNormalizePrompt_OneChar_ReturnsTrue" classname="ChatHttpClientTests" runstate="Runnable" seed="1231772333" result="Passed" start-time="2026-06-09 03:38:15Z" end-time="2026-06-09 03:38:15Z" duration="0.000045" asserts="0">
          <properties>
            <property name="retryIteration" value="0" />
            <property name="repeatIteration" value="0" />
          </properties>
        </test-case>
        <test-case id="1013" name="TryNormalizePrompt_WhitespaceOnly_ReturnsFalse" fullname="ChatHttpClientTests.TryNormalizePrompt_WhitespaceOnly_ReturnsFalse" methodname="TryNormalizePrompt_WhitespaceOnly_ReturnsFalse" classname="ChatHttpClientTests" runstate="Runnable" seed="669120965" result="Passed" start-time="2026-06-09 03:38:15Z" end-time="2026-06-09 03:38:15Z" duration="0.000044" asserts="0">
          <properties>
            <property name="retryIteration" value="0" />
            <property name="repeatIteration" value="0" />
          </properties>
        </test-case>
      </test-suite>
      <test-suite type="TestFixture" id="1072" name="CheckpointRepositoryTests" fullname="CheckpointRepositoryTests" classname="CheckpointRepositoryTests" runstate="Runnable" testcasecount="3" result="Passed" start-time="2026-06-09 03:38:15Z" end-time="2026-06-09 03:38:15Z" duration="0.005216" total="3" passed="3" failed="0" inconclusive="0" skipped="0" asserts="0">
        <properties />
        <test-case id="1075" name="Clear_RemovesCheckpointButPreservesSettings" fullname="CheckpointRepositoryTests.Clear_RemovesCheckpointButPreservesSettings" methodname="Clear_RemovesCheckpointButPreservesSettings" classname="CheckpointRepositoryTests" runstate="Runnable" seed="496669023" result="Passed" start-time="2026-06-09 03:38:15Z" end-time="2026-06-09 03:38:15Z" duration="0.002247" asserts="0">
          <properties>
            <property name="retryIteration" value="0" />
            <property name="repeatIteration" value="0" />
          </properties>
        </test-case>
        <test-case id="1073" name="HasCheckpoint_ReturnsFalse_WhenNoCheckpointSaved" fullname="CheckpointRepositoryTests.HasCheckpoint_ReturnsFalse_WhenNoCheckpointSaved" methodname="HasCheckpoint_ReturnsFalse_WhenNoCheckpointSaved" classname="CheckpointRepositoryTests" runstate="Runnable" seed="407892713" result="Passed" start-time="2026-06-09 03:38:15Z" end-time="2026-06-09 03:38:15Z" duration="0.000284" asserts="0">
          <properties>
            <property name="retryIteration" value="0" />
            <property name="repeatIteration" value="0" />
          </properties>
        </test-case>
        <test-case id="1074" name="SaveAndTryLoad_RoundTripsLatestCheckpoint" fullname="CheckpointRepositoryTests.SaveAndTryLoad_RoundTripsLatestCheckpoint" methodname="SaveAndTryLoad_RoundTripsLatestCheckpoint" classname="CheckpointRepositoryTests" runstate="Runnable" seed="988142371" result="Passed" start-time="2026-06-09 03:38:15Z" end-time="2026-06-09 03:38:15Z" duration="0.002171" asserts="0">
          <properties>
            <property name="retryIteration" value="0" />
            <property name="repeatIteration" value="0" />
          </properties>
        </test-case>
      </test-suite>
      <test-suite type="TestFixture" id="1076" name="CheckpointServiceTests" fullname="CheckpointServiceTests" classname="CheckpointServiceTests" runstate="Runnable" testcasecount="6" result="Passed" start-time="2026-06-09 03:38:15Z" end-time="2026-06-09 03:38:15Z" duration="0.005987" total="6" passed="6" failed="0" inconclusive="0" skipped="0" asserts="0">
        <properties />
        <test-case id="1082" name="Apply_DoesNotRestoreTransientClickFlags" fullname="CheckpointServiceTests.Apply_DoesNotRestoreTransientClickFlags" methodname="Apply_DoesNotRestoreTransientClickFlags" classname="CheckpointServiceTests" runstate="Runnable" seed="344916593" result="Passed" start-time="2026-06-09 03:38:15Z" end-time="2026-06-09 03:38:15Z" duration="0.000803" asserts="0">
          <properties>
            <property name="retryIteration" value="0" />
            <property name="repeatIteration" value="0" />
          </properties>
        </test-case>
        <test-case id="1080" name="LoadCoordinator_UsesCheckpointScene_WhenCheckpointExists" fullname="CheckpointServiceTests.LoadCoordinator_UsesCheckpointScene_WhenCheckpointExists" methodname="LoadCoordinator_UsesCheckpointScene_WhenCheckpointExists" classname="CheckpointServiceTests" runstate="Runnable" seed="1368921644" result="Passed" start-time="2026-06-09 03:38:15Z" end-time="2026-06-09 03:38:15Z" duration="0.002241" asserts="0">
          <properties>
            <property name="retryIteration" value="0" />
            <property name="repeatIteration" value="0" />
          </properties>
          <output><![CDATA[[FlowchartLocator] 'Variablemanager' GameObject를 찾을 수 없습니다.
[Checkpoint] 최신 체크포인트 저장: unlock_bed_room -> BedRoom
]]></output>
        </test-case>
        <test-case id="1079" name="LoadCoordinator_UsesFallbackScene_WhenNoCheckpointExists" fullname="CheckpointServiceTests.LoadCoordinator_UsesFallbackScene_WhenNoCheckpointExists" methodname="LoadCoordinator_UsesFallbackScene_WhenNoCheckpointExists" classname="CheckpointServiceTests" runstate="Runnable" seed="1130141185" result="Passed" start-time="2026-06-09 03:38:15Z" end-time="2026-06-09 03:38:15Z" duration="0.000139" asserts="0">
          <properties>
            <property name="retryIteration" value="0" />
            <property name="repeatIteration" value="0" />
          </properties>
        </test-case>
        <test-case id="1081" name="RefreshLatestProgressSnapshot_PreservesCheckpointDestination_WhenRuntimeManagersAreMissing" fullname="CheckpointServiceTests.RefreshLatestProgressSnapshot_PreservesCheckpointDestination_WhenRuntimeManagersAreMissing" methodname="RefreshLatestProgressSnapshot_PreservesCheckpointDestination_WhenRuntimeManagersAreMissing" classname="CheckpointServiceTests" runstate="Runnable" seed="1232154302" result="Passed" start-time="2026-06-09 03:38:15Z" end-time="2026-06-09 03:38:15Z" duration="0.000743" asserts="0">
          <properties>
            <property name="retryIteration" value="0" />
            <property name="repeatIteration" value="0" />
          </properties>
          <output><![CDATA[[FlowchartLocator] 'Variablemanager' GameObject를 찾을 수 없습니다.
]]></output>
        </test-case>
        <test-case id="1078" name="SaveRoomUnlock_ReturnsFalseForUnknownUnlockKey" fullname="CheckpointServiceTests.SaveRoomUnlock_ReturnsFalseForUnknownUnlockKey" methodname="SaveRoomUnlock_ReturnsFalseForUnknownUnlockKey" classname="CheckpointServiceTests" runstate="Runnable" seed="1181509692" result="Passed" start-time="2026-06-09 03:38:15Z" end-time="2026-06-09 03:38:15Z" duration="0.000477" asserts="0">
          <properties>
            <property name="retryIteration" value="0" />
            <property name="repeatIteration" value="0" />
          </properties>
          <output><![CDATA[[Checkpoint] 알 수 없는 방 해금 키라 체크포인트를 저장하지 않았습니다: UnknownUnlockKey
]]></output>
        </test-case>
        <test-case id="1077" name="SaveRoomUnlock_WritesCheckpointForUnlockKey" fullname="CheckpointServiceTests.SaveRoomUnlock_WritesCheckpointForUnlockKey" methodname="SaveRoomUnlock_WritesCheckpointForUnlockKey" classname="CheckpointServiceTests" runstate="Runnable" seed="1294760393" result="Passed" start-time="2026-06-09 03:38:15Z" end-time="2026-06-09 03:38:15Z" duration="0.000818" asserts="0">
          <properties>
            <property name="retryIteration" value="0" />
            <property name="repeatIteration" value="0" />
          </properties>
          <output><![CDATA[[FlowchartLocator] 'Variablemanager' GameObject를 찾을 수 없습니다.
[Checkpoint] 최신 체크포인트 저장: unlock_wife_room -> WifeRoom
]]></output>
        </test-case>
      </test-suite>
      <test-suite type="TestFixture" id="1230" name="ChildRoomPuzzleControllerTests" fullname="ChildRoomPuzzleControllerTests" classname="ChildRoomPuzzleControllerTests" runstate="Runnable" testcasecount="13" result="Passed" start-time="2026-06-09 03:38:15Z" end-time="2026-06-09 03:38:15Z" duration="0.003681" total="13" passed="13" failed="0" inconclusive="0" skipped="0" asserts="0">
        <properties />
        <test-suite type="ParameterizedMethod" id="1244" name="OnInteraction_RouteId_ExecutesMappedBlock" fullname="ChildRoomPuzzleControllerTests.OnInteraction_RouteId_ExecutesMappedBlock" classname="ChildRoomPuzzleControllerTests" runstate="Runnable" testcasecount="12" result="Passed" start-time="2026-06-09 03:38:15Z" end-time="2026-06-09 03:38:15Z" duration="0.002844" total="12" passed="12" failed="0" inconclusive="0" skipped="0" asserts="0">
          <properties />
          <test-case id="1232" name="OnInteraction_RouteId_ExecutesMappedBlock(&quot;bedfloor&quot;,&quot;Bedfloor_Clicked&quot;)" fullname="ChildRoomPuzzleControllerTests.OnInteraction_RouteId_ExecutesMappedBlock(&quot;bedfloor&quot;,&quot;Bedfloor_Clicked&quot;)" methodname="OnInteraction_RouteId_ExecutesMappedBlock" classname="ChildRoomPuzzleControllerTests" runstate="Runnable" seed="1576608886" result="Passed" start-time="2026-06-09 03:38:15Z" end-time="2026-06-09 03:38:15Z" duration="0.000704" asserts="0">
            <properties>
              <property name="retryIteration" value="0" />
              <property name="repeatIteration" value="0" />
            </properties>
          </test-case>
          <test-case id="1233" name="OnInteraction_RouteId_ExecutesMappedBlock(&quot;drawer&quot;,&quot;Drawer_Clicked&quot;)" fullname="ChildRoomPuzzleControllerTests.OnInteraction_RouteId_ExecutesMappedBlock(&quot;drawer&quot;,&quot;Drawer_Clicked&quot;)" methodname="OnInteraction_RouteId_ExecutesMappedBlock" classname="ChildRoomPuzzleControllerTests" runstate="Runnable" seed="965424804" result="Passed" start-time="2026-06-09 03:38:15Z" end-time="2026-06-09 03:38:15Z" duration="0.000166" asserts="0">
            <properties>
              <property name="retryIteration" value="0" />
              <property name="repeatIteration" value="0" />
            </properties>
          </test-case>
          <test-case id="1234" name="OnInteraction_RouteId_ExecutesMappedBlock(&quot;chest&quot;,&quot;Chest_Clicked&quot;)" fullname="ChildRoomPuzzleControllerTests.OnInteraction_RouteId_ExecutesMappedBlock(&quot;chest&quot;,&quot;Chest_Clicked&quot;)" methodname="OnInteraction_RouteId_ExecutesMappedBlock" classname="ChildRoomPuzzleControllerTests" runstate="Runnable" seed="1053287911" result="Passed" start-time="2026-06-09 03:38:15Z" end-time="2026-06-09 03:38:15Z" duration="0.000133" asserts="0">
            <properties>
              <property name="retryIteration" value="0" />
              <property name="repeatIteration" value="0" />
            </properties>
          </test-case>
          <test-case id="1235" name="OnInteraction_RouteId_ExecutesMappedBlock(&quot;table&quot;,&quot;Table_Clicked&quot;)" fullname="ChildRoomPuzzleControllerTests.OnInteraction_RouteId_ExecutesMappedBlock(&quot;table&quot;,&quot;Table_Clicked&quot;)" methodname="OnInteraction_RouteId_ExecutesMappedBlock" classname="ChildRoomPuzzleControllerTests" runstate="Runnable" seed="91544262" result="Passed" start-time="2026-06-09 03:38:15Z" end-time="2026-06-09 03:38:15Z" duration="0.000120" asserts="0">
            <properties>
              <property name="retryIteration" value="0" />
              <property name="repeatIteration" value="0" />
            </properties>
          </test-case>
          <test-case id="1236" name="OnInteraction_RouteId_ExecutesMappedBlock(&quot;parrot&quot;,&quot;Parrot_Clicked&quot;)" fullname="ChildRoomPuzzleControllerTests.OnInteraction_RouteId_ExecutesMappedBlock(&quot;parrot&quot;,&quot;Parrot_Clicked&quot;)" methodname="OnInteraction_RouteId_ExecutesMappedBlock" classname="ChildRoomPuzzleControllerTests" runstate="Runnable" seed="408109623" result="Passed" start-time="2026-06-09 03:38:15Z" end-time="2026-06-09 03:38:15Z" duration="0.000121" asserts="0">
            <properties>
              <property name="retryIteration" value="0" />
              <property name="repeatIteration" value="0" />
            </properties>
          </test-case>
          <test-case id="1237" name="OnInteraction_RouteId_ExecutesMappedBlock(&quot;button&quot;,&quot;Button_Clicked&quot;)" fullname="ChildRoomPuzzleControllerTests.OnInteraction_RouteId_ExecutesMappedBlock(&quot;button&quot;,&quot;Button_Clicked&quot;)" methodname="OnInteraction_RouteId_ExecutesMappedBlock" classname="ChildRoomPuzzleControllerTests" runstate="Runnable" seed="701158579" result="Passed" start-time="2026-06-09 03:38:15Z" end-time="2026-06-09 03:38:15Z" duration="0.000116" asserts="0">
            <properties>
              <property name="retryIteration" value="0" />
              <property name="repeatIteration" value="0" />
            </properties>
          </test-case>
          <test-case id="1238" name="OnInteraction_RouteId_ExecutesMappedBlock(&quot;drawer_open&quot;,&quot;DrawerOpen&quot;)" fullname="ChildRoomPuzzleControllerTests.OnInteraction_RouteId_ExecutesMappedBlock(&quot;drawer_open&quot;,&quot;DrawerOpen&quot;)" methodname="OnInteraction_RouteId_ExecutesMappedBlock" classname="ChildRoomPuzzleControllerTests" runstate="Runnable" seed="1061214199" result="Passed" start-time="2026-06-09 03:38:15Z" end-time="2026-06-09 03:38:15Z" duration="0.000113" asserts="0">
            <properties>
              <property name="retryIteration" value="0" />
              <property name="repeatIteration" value="0" />
            </properties>
          </test-case>
          <test-case id="1239" name="OnInteraction_RouteId_ExecutesMappedBlock(&quot;drawer_close&quot;,&quot;DrawerClose&quot;)" fullname="ChildRoomPuzzleControllerTests.OnInteraction_RouteId_ExecutesMappedBlock(&quot;drawer_close&quot;,&quot;DrawerClose&quot;)" methodname="OnInteraction_RouteId_ExecutesMappedBlock" classname="ChildRoomPuzzleControllerTests" runstate="Runnable" seed="380313373" result="Passed" start-time="2026-06-09 03:38:15Z" end-time="2026-06-09 03:38:15Z" duration="0.000117" asserts="0">
            <properties>
              <property name="retryIteration" value="0" />
              <property name="repeatIteration" value="0" />
            </properties>
          </test-case>
          <test-case id="1240" name="OnInteraction_RouteId_ExecutesMappedBlock(&quot;seal5&quot;,&quot;Drag_seal5&quot;)" fullname="ChildRoomPuzzleControllerTests.OnInteraction_RouteId_ExecutesMappedBlock(&quot;seal5&quot;,&quot;Drag_seal5&quot;)" methodname="OnInteraction_RouteId_ExecutesMappedBlock" classname="ChildRoomPuzzleControllerTests" runstate="Runnable" seed="1609719239" result="Passed" start-time="2026-06-09 03:38:15Z" end-time="2026-06-09 03:38:15Z" duration="0.000110" asserts="0">
            <properties>
              <property name="retryIteration" value="0" />
              <property name="repeatIteration" value="0" />
            </properties>
          </test-case>
          <test-case id="1241" name="OnInteraction_RouteId_ExecutesMappedBlock(&quot;seal6&quot;,&quot;Drag_seal6&quot;)" fullname="ChildRoomPuzzleControllerTests.OnInteraction_RouteId_ExecutesMappedBlock(&quot;seal6&quot;,&quot;Drag_seal6&quot;)" methodname="OnInteraction_RouteId_ExecutesMappedBlock" classname="ChildRoomPuzzleControllerTests" runstate="Runnable" seed="712844984" result="Passed" start-time="2026-06-09 03:38:15Z" end-time="2026-06-09 03:38:15Z" duration="0.000114" asserts="0">
            <properties>
              <property name="retryIteration" value="0" />
              <property name="repeatIteration" value="0" />
            </properties>
          </test-case>
          <test-case id="1242" name="OnInteraction_RouteId_ExecutesMappedBlock(&quot;seal7&quot;,&quot;Drag_seal7&quot;)" fullname="ChildRoomPuzzleControllerTests.OnInteraction_RouteId_ExecutesMappedBlock(&quot;seal7&quot;,&quot;Drag_seal7&quot;)" methodname="OnInteraction_RouteId_ExecutesMappedBlock" classname="ChildRoomPuzzleControllerTests" runstate="Runnable" seed="1525520439" result="Passed" start-time="2026-06-09 03:38:15Z" end-time="2026-06-09 03:38:15Z" duration="0.000114" asserts="0">
            <properties>
              <property name="retryIteration" value="0" />
              <property name="repeatIteration" value="0" />
            </properties>
          </test-case>
          <test-case id="1243" name="OnInteraction_RouteId_ExecutesMappedBlock(&quot;all_seals_complete&quot;,&quot;allSealsComplete&quot;)" fullname="ChildRoomPuzzleControllerTests.OnInteraction_RouteId_ExecutesMappedBlock(&quot;all_seals_complete&quot;,&quot;allSealsComplete&quot;)" methodname="OnInteraction_RouteId_ExecutesMappedBlock" classname="ChildRoomPuzzleControllerTests" runstate="Runnable" seed="528445993" result="Passed" start-time="2026-06-09 03:38:15Z" end-time="2026-06-09 03:38:15Z" duration="0.000111" asserts="0">
            <properties>
              <property name="retryIteration" value="0" />
              <property name="repeatIteration" value="0" />
            </properties>
          </test-case>
        </test-suite>
        <test-case id="1231" name="OnInteraction_UnknownId_IsIgnored" fullname="ChildRoomPuzzleControllerTests.OnInteraction_UnknownId_IsIgnored" methodname="OnInteraction_UnknownId_IsIgnored" classname="ChildRoomPuzzleControllerTests" runstate="Runnable" seed="2051701151" result="Passed" start-time="2026-06-09 03:38:15Z" end-time="2026-06-09 03:38:15Z" duration="0.000192" asserts="0">
          <properties>
            <property name="retryIteration" value="0" />
            <property name="repeatIteration" value="0" />
          </properties>
        </test-case>
      </test-suite>
      <test-suite type="TestFixture" id="1245" name="Clickable2DInteractiveUiGuardTests" fullname="Clickable2DInteractiveUiGuardTests" classname="Clickable2DInteractiveUiGuardTests" runstate="Runnable" testcasecount="7" result="Passed" start-time="2026-06-09 03:38:15Z" end-time="2026-06-09 03:38:15Z" duration="0.007187" total="7" passed="7" failed="0" inconclusive="0" skipped="0" asserts="0">
        <properties />
        <test-case id="1249" name="ContainsInteractiveUi_FindsButtonOnParent_WhenChildGraphicIsHit" fullname="Clickable2DInteractiveUiGuardTests.ContainsInteractiveUi_FindsButtonOnParent_WhenChildGraphicIsHit" methodname="ContainsInteractiveUi_FindsButtonOnParent_WhenChildGraphicIsHit" classname="Clickable2DInteractiveUiGuardTests" runstate="Runnable" seed="598396678" result="Passed" start-time="2026-06-09 03:38:15Z" end-time="2026-06-09 03:38:15Z" duration="0.003804" asserts="0">
          <properties>
            <property name="retryIteration" value="0" />
            <property name="repeatIteration" value="0" />
          </properties>
        </test-case>
        <test-case id="1247" name="ContainsInteractiveUi_ReturnsFalse_ForNonInteractiveImageBlocker" fullname="Clickable2DInteractiveUiGuardTests.ContainsInteractiveUi_ReturnsFalse_ForNonInteractiveImageBlocker" methodname="ContainsInteractiveUi_ReturnsFalse_ForNonInteractiveImageBlocker" classname="Clickable2DInteractiveUiGuardTests" runstate="Runnable" seed="1683136510" result="Passed" start-time="2026-06-09 03:38:15Z" end-time="2026-06-09 03:38:15Z" duration="0.000434" asserts="0">
          <properties>
            <property name="retryIteration" value="0" />
            <property name="repeatIteration" value="0" />
          </properties>
        </test-case>
        <test-case id="1250" name="ContainsInteractiveUi_ReturnsFalse_ForNullOrEmptyResults" fullname="Clickable2DInteractiveUiGuardTests.ContainsInteractiveUi_ReturnsFalse_ForNullOrEmptyResults" methodname="ContainsInteractiveUi_ReturnsFalse_ForNullOrEmptyResults" classname="Clickable2DInteractiveUiGuardTests" runstate="Runnable" seed="1918987665" result="Passed" start-time="2026-06-09 03:38:15Z" end-time="2026-06-09 03:38:15Z" duration="0.000109" asserts="0">
          <properties>
            <property name="retryIteration" value="0" />
            <property name="repeatIteration" value="0" />
          </properties>
        </test-case>
        <test-case id="1248" name="ContainsInteractiveUi_ReturnsFalse_WhenButtonIsNotInteractable" fullname="Clickable2DInteractiveUiGuardTests.ContainsInteractiveUi_ReturnsFalse_WhenButtonIsNotInteractable" methodname="ContainsInteractiveUi_ReturnsFalse_WhenButtonIsNotInteractable" classname="Clickable2DInteractiveUiGuardTests" runstate="Runnable" seed="1032796083" result="Passed" start-time="2026-06-09 03:38:15Z" end-time="2026-06-09 03:38:15Z" duration="0.000666" asserts="0">
          <properties>
            <property name="retryIteration" value="0" />
            <property name="repeatIteration" value="0" />
          </properties>
        </test-case>
        <test-case id="1246" name="ContainsInteractiveUi_ReturnsTrue_WhenInteractableButtonIsHit" fullname="Clickable2DInteractiveUiGuardTests.ContainsInteractiveUi_ReturnsTrue_WhenInteractableButtonIsHit" methodname="ContainsInteractiveUi_ReturnsTrue_WhenInteractableButtonIsHit" classname="Clickable2DInteractiveUiGuardTests" runstate="Runnable" seed="682259273" result="Passed" start-time="2026-06-09 03:38:15Z" end-time="2026-06-09 03:38:15Z" duration="0.000257" asserts="0">
          <properties>
            <property name="retryIteration" value="0" />
            <property name="repeatIteration" value="0" />
          </properties>
        </test-case>
        <test-case id="1252" name="IsModalSayDialogOpen_ReturnsFalse_WhenSayDialogIsHidden" fullname="Clickable2DInteractiveUiGuardTests.IsModalSayDialogOpen_ReturnsFalse_WhenSayDialogIsHidden" methodname="IsModalSayDialogOpen_ReturnsFalse_WhenSayDialogIsHidden" classname="Clickable2DInteractiveUiGuardTests" runstate="Runnable" seed="1564278900" result="Passed" start-time="2026-06-09 03:38:15Z" end-time="2026-06-09 03:38:15Z" duration="0.000757" asserts="0">
          <properties>
            <property name="retryIteration" value="0" />
            <property name="repeatIteration" value="0" />
          </properties>
        </test-case>
        <test-case id="1251" name="IsModalSayDialogOpen_ReturnsTrue_WhenVisibleSayDialogIsActive" fullname="Clickable2DInteractiveUiGuardTests.IsModalSayDialogOpen_ReturnsTrue_WhenVisibleSayDialogIsActive" methodname="IsModalSayDialogOpen_ReturnsTrue_WhenVisibleSayDialogIsActive" classname="Clickable2DInteractiveUiGuardTests" runstate="Runnable" seed="1123678114" result="Passed" start-time="2026-06-09 03:38:15Z" end-time="2026-06-09 03:38:15Z" duration="0.000229" asserts="0">
          <properties>
            <property name="retryIteration" value="0" />
            <property name="repeatIteration" value="0" />
          </properties>
        </test-case>
      </test-suite>
      <test-suite type="TestFixture" id="1253" name="ClickInteractionCleanupTests" fullname="ClickInteractionCleanupTests" classname="ClickInteractionCleanupTests" runstate="Runnable" testcasecount="4" result="Failed" site="Child" start-time="2026-06-09 03:38:15Z" end-time="2026-06-09 03:38:15Z" duration="0.003737" total="4" passed="0" failed="4" inconclusive="0" skipped="0" asserts="0">
        <properties />
        <failure>
          <message><![CDATA[One or more child tests had errors]]></message>
        </failure>
        <test-case id="1257" name="DeferredCleanup_WhenWindowClickedResetSkipped_ClearsLateIsClickedAndPreservesWindowClicked" fullname="ClickInteractionCleanupTests.DeferredCleanup_WhenWindowClickedResetSkipped_ClearsLateIsClickedAndPreservesWindowClicked" methodname="DeferredCleanup_WhenWindowClickedResetSkipped_ClearsLateIsClickedAndPreservesWindowClicked" classname="ClickInteractionCleanupTests" runstate="Runnable" seed="975369259" result="Failed" label="Error" start-time="2026-06-09 03:38:15Z" end-time="2026-06-09 03:38:15Z" duration="0.002497" asserts="0">
          <properties>
            <property name="_JOINTYPE" value="UnityCombinatorial" />
            <property name="retryIteration" value="0" />
            <property name="repeatIteration" value="0" />
          </properties>
          <failure>
            <message><![CDATA[SetUp : System.NullReferenceException : Object reference not set to an instance of an object]]></message>
            <stack-trace><![CDATA[--SetUp
  at ClickInteractionCleanupTests.SetUp () [0x0002c] in C:\Users\user\Documents\GitHub\newCapstone\disputatio\Assets\Editor\Tests\EditMode\UI\ClickInteractionCleanupTests.cs:22 
  at (wrapper managed-to-native) System.Reflection.RuntimeMethodInfo.InternalInvoke(System.Reflection.RuntimeMethodInfo,object,object[],System.Exception&)
  at System.Reflection.RuntimeMethodInfo.Invoke (System.Object obj, System.Reflection.BindingFlags invokeAttr, System.Reflection.Binder binder, System.Object[] parameters, System.Globalization.CultureInfo culture) [0x0006a] in <eb0ef51e5908461ca908fdf6b2dbd966>:0 ]]></stack-trace>
          </failure>
        </test-case>
        <test-case id="1255" name="ResetAfterUiBoundary_ClearsClickFlagsOnEveryLoadedSceneFlowchart" fullname="ClickInteractionCleanupTests.ResetAfterUiBoundary_ClearsClickFlagsOnEveryLoadedSceneFlowchart" methodname="ResetAfterUiBoundary_ClearsClickFlagsOnEveryLoadedSceneFlowchart" classname="ClickInteractionCleanupTests" runstate="Runnable" seed="177759793" result="Failed" label="Error" start-time="2026-06-09 03:38:15Z" end-time="2026-06-09 03:38:15Z" duration="0.000174" asserts="0">
          <properties>
            <property name="retryIteration" value="0" />
            <property name="repeatIteration" value="0" />
          </properties>
          <failure>
            <message><![CDATA[SetUp : System.NullReferenceException : Object reference not set to an instance of an object]]></message>
            <stack-trace><![CDATA[--SetUp
  at ClickInteractionCleanupTests.SetUp () [0x0002c] in C:\Users\user\Documents\GitHub\newCapstone\disputatio\Assets\Editor\Tests\EditMode\UI\ClickInteractionCleanupTests.cs:22 
  at (wrapper managed-to-native) System.Reflection.RuntimeMethodInfo.InternalInvoke(System.Reflection.RuntimeMethodInfo,object,object[],System.Exception&)
  at System.Reflection.RuntimeMethodInfo.Invoke (System.Object obj, System.Reflection.BindingFlags invokeAttr, System.Reflection.Binder binder, System.Object[] parameters, System.Globalization.CultureInfo culture) [0x0006a] in <eb0ef51e5908461ca908fdf6b2dbd966>:0 ]]></stack-trace>
          </failure>
        </test-case>
        <test-case id="1254" name="ResetAfterUiBoundary_ClearsCurrentEventSystemSelection" fullname="ClickInteractionCleanupTests.ResetAfterUiBoundary_ClearsCurrentEventSystemSelection" methodname="ResetAfterUiBoundary_ClearsCurrentEventSystemSelection" classname="ClickInteractionCleanupTests" runstate="Runnable" seed="949769492" result="Failed" label="Error" start-time="2026-06-09 03:38:15Z" end-time="2026-06-09 03:38:15Z" duration="0.000124" asserts="0">
          <properties>
            <property name="retryIteration" value="0" />
            <property name="repeatIteration" value="0" />
          </properties>
          <failure>
            <message><![CDATA[SetUp : System.NullReferenceException : Object reference not set to an instance of an object]]></message>
            <stack-trace><![CDATA[--SetUp
  at ClickInteractionCleanupTests.SetUp () [0x0002c] in C:\Users\user\Documents\GitHub\newCapstone\disputatio\Assets\Editor\Tests\EditMode\UI\ClickInteractionCleanupTests.cs:22 
  at (wrapper managed-to-native) System.Reflection.RuntimeMethodInfo.InternalInvoke(System.Reflection.RuntimeMethodInfo,object,object[],System.Exception&)
  at System.Reflection.RuntimeMethodInfo.Invoke (System.Object obj, System.Reflection.BindingFlags invokeAttr, System.Reflection.Binder binder, System.Object[] parameters, System.Globalization.CultureInfo culture) [0x0006a] in <eb0ef51e5908461ca908fdf6b2dbd966>:0 ]]></stack-trace>
          </failure>
        </test-case>
        <test-case id="1256" name="ResetAfterUiBoundary_WhenWindowClickedResetSkipped_PreservesWindowClicked" fullname="ClickInteractionCleanupTests.ResetAfterUiBoundary_WhenWindowClickedResetSkipped_PreservesWindowClicked" methodname="ResetAfterUiBoundary_WhenWindowClickedResetSkipped_PreservesWindowClicked" classname="ClickInteractionCleanupTests" runstate="Runnable" seed="29240363" result="Failed" label="Error" start-time="2026-06-09 03:38:15Z" end-time="2026-06-09 03:38:15Z" duration="0.000102" asserts="0">
          <properties>
            <property name="retryIteration" value="0" />
            <property name="repeatIteration" value="0" />
          </properties>
          <failure>
            <message><![CDATA[SetUp : System.NullReferenceException : Object reference not set to an instance of an object]]></message>
            <stack-trace><![CDATA[--SetUp
  at ClickInteractionCleanupTests.SetUp () [0x0002c] in C:\Users\user\Documents\GitHub\newCapstone\disputatio\Assets\Editor\Tests\EditMode\UI\ClickInteractionCleanupTests.cs:22 
  at (wrapper managed-to-native) System.Reflection.RuntimeMethodInfo.InternalInvoke(System.Reflection.RuntimeMethodInfo,object,object[],System.Exception&)
  at System.Reflection.RuntimeMethodInfo.Invoke (System.Object obj, System.Reflection.BindingFlags invokeAttr, System.Reflection.Binder binder, System.Object[] parameters, System.Globalization.CultureInfo culture) [0x0006a] in <eb0ef51e5908461ca908fdf6b2dbd966>:0 ]]></stack-trace>
          </failure>
        </test-case>
      </test-suite>
      <test-suite type="TestFixture" id="1086" name="CombinationLockUnlockTests" fullname="CombinationLockUnlockTests" classname="CombinationLockUnlockTests" runstate="Runnable" testcasecount="2" result="Failed" site="Child" start-time="2026-06-09 03:38:15Z" end-time="2026-06-09 03:38:15Z" duration="0.000981" total="2" passed="0" failed="2" inconclusive="0" skipped="0" asserts="0">
        <properties />
        <failure>
          <message><![CDATA[One or more child tests had errors]]></message>
        </failure>
        <test-case id="1087" name="CheckAnswer_WhenCorrect_PresentsChildPickupOutsideClosedPanel" fullname="CombinationLockUnlockTests.CheckAnswer_WhenCorrect_PresentsChildPickupOutsideClosedPanel" methodname="CheckAnswer_WhenCorrect_PresentsChildPickupOutsideClosedPanel" classname="CombinationLockUnlockTests" runstate="Runnable" seed="366299633" result="Failed" label="Error" start-time="2026-06-09 03:38:15Z" end-time="2026-06-09 03:38:15Z" duration="0.000348" asserts="0">
          <properties>
            <property name="retryIteration" value="0" />
            <property name="repeatIteration" value="0" />
          </properties>
          <failure>
            <message><![CDATA[SetUp : System.NullReferenceException : Object reference not set to an instance of an object]]></message>
            <stack-trace><![CDATA[--SetUp
  at CombinationLockUnlockTests.SetUp () [0x0002c] in C:\Users\user\Documents\GitHub\newCapstone\disputatio\Assets\Editor\Tests\EditMode\CombinationLockUnlockTests.cs:21 
  at (wrapper managed-to-native) System.Reflection.RuntimeMethodInfo.InternalInvoke(System.Reflection.RuntimeMethodInfo,object,object[],System.Exception&)
  at System.Reflection.RuntimeMethodInfo.Invoke (System.Object obj, System.Reflection.BindingFlags invokeAttr, System.Reflection.Binder binder, System.Object[] parameters, System.Globalization.CultureInfo culture) [0x0006a] in <eb0ef51e5908461ca908fdf6b2dbd966>:0 ]]></stack-trace>
          </failure>
        </test-case>
        <test-case id="1088" name="CheckAnswer_WhenCorrect_ResetsClickStateWhenClosingPanel" fullname="CombinationLockUnlockTests.CheckAnswer_WhenCorrect_ResetsClickStateWhenClosingPanel" methodname="CheckAnswer_WhenCorrect_ResetsClickStateWhenClosingPanel" classname="CombinationLockUnlockTests" runstate="Runnable" seed="326825474" result="Failed" label="Error" start-time="2026-06-09 03:38:15Z" end-time="2026-06-09 03:38:15Z" duration="0.000141" asserts="0">
          <properties>
            <property name="retryIteration" value="0" />
            <property name="repeatIteration" value="0" />
          </properties>
          <failure>
            <message><![CDATA[SetUp : System.NullReferenceException : Object reference not set to an instance of an object]]></message>
            <stack-trace><![CDATA[--SetUp
  at CombinationLockUnlockTests.SetUp () [0x0002c] in C:\Users\user\Documents\GitHub\newCapstone\disputatio\Assets\Editor\Tests\EditMode\CombinationLockUnlockTests.cs:21 
  at (wrapper managed-to-native) System.Reflection.RuntimeMethodInfo.InternalInvoke(System.Reflection.RuntimeMethodInfo,object,object[],System.Exception&)
  at System.Reflection.RuntimeMethodInfo.Invoke (System.Object obj, System.Reflection.BindingFlags invokeAttr, System.Reflection.Binder binder, System.Object[] parameters, System.Globalization.CultureInfo culture) [0x0006a] in <eb0ef51e5908461ca908fdf6b2dbd966>:0 ]]></stack-trace>
          </failure>
        </test-case>
      </test-suite>
      <test-suite type="TestFixture" id="1258" name="CorridorEntranceControllerTests" fullname="CorridorEntranceControllerTests" classname="CorridorEntranceControllerTests" runstate="Runnable" testcasecount="5" result="Passed" start-time="2026-06-09 03:38:15Z" end-time="2026-06-09 03:38:15Z" duration="0.002488" total="5" passed="5" failed="0" inconclusive="0" skipped="0" asserts="0">
        <properties />
        <test-case id="1263" name="OnBlockEnd_GoBackOutcome_InvokesGoBackHandler" fullname="CorridorEntranceControllerTests.OnBlockEnd_GoBackOutcome_InvokesGoBackHandler" methodname="OnBlockEnd_GoBackOutcome_InvokesGoBackHandler" classname="CorridorEntranceControllerTests" runstate="Runnable" seed="530850129" result="Passed" start-time="2026-06-09 03:38:15Z" end-time="2026-06-09 03:38:15Z" duration="0.000766" asserts="0">
          <properties>
            <property name="retryIteration" value="0" />
            <property name="repeatIteration" value="0" />
          </properties>
        </test-case>
        <test-case id="1262" name="OnBlockEnd_HallAnimationAfterReturningFromHallAnimation_DoesNotRequestSceneLoad" fullname="CorridorEntranceControllerTests.OnBlockEnd_HallAnimationAfterReturningFromHallAnimation_DoesNotRequestSceneLoad" methodname="OnBlockEnd_HallAnimationAfterReturningFromHallAnimation_DoesNotRequestSceneLoad" classname="CorridorEntranceControllerTests" runstate="Runnable" seed="741412697" result="Passed" start-time="2026-06-09 03:38:15Z" end-time="2026-06-09 03:38:15Z" duration="0.000392" asserts="0">
          <properties>
[...]
          <properties>
            <property name="retryIteration" value="0" />
            <property name="repeatIteration" value="0" />
          </properties>
        </test-case>
        <test-case id="1053" name="IncrementCorrectAnswerCount_IncrementsByOne" fullname="TutorQuizStateTrackerTests.IncrementCorrectAnswerCount_IncrementsByOne" methodname="IncrementCorrectAnswerCount_IncrementsByOne" classname="TutorQuizStateTrackerTests" runstate="Runnable" seed="707922838" result="Passed" start-time="2026-06-09 03:38:16Z" end-time="2026-06-09 03:38:16Z" duration="0.000159" asserts="0">
          <properties>
            <property name="retryIteration" value="0" />
            <property name="repeatIteration" value="0" />
          </properties>
        </test-case>
        <test-case id="1055" name="IncrementCorrectAnswerCount_NullFlowchart_DoesNotThrow" fullname="TutorQuizStateTrackerTests.IncrementCorrectAnswerCount_NullFlowchart_DoesNotThrow" methodname="IncrementCorrectAnswerCount_NullFlowchart_DoesNotThrow" classname="TutorQuizStateTrackerTests" runstate="Runnable" seed="999164456" result="Passed" start-time="2026-06-09 03:38:16Z" end-time="2026-06-09 03:38:16Z" duration="0.000123" asserts="0">
          <properties>
            <property name="retryIteration" value="0" />
            <property name="repeatIteration" value="0" />
          </properties>
        </test-case>
        <test-case id="1050" name="IsTutorQuizFinished_IsFalse_WhenCountBelowTarget" fullname="TutorQuizStateTrackerTests.IsTutorQuizFinished_IsFalse_WhenCountBelowTarget" methodname="IsTutorQuizFinished_IsFalse_WhenCountBelowTarget" classname="TutorQuizStateTrackerTests" runstate="Runnable" seed="161668175" result="Passed" start-time="2026-06-09 03:38:16Z" end-time="2026-06-09 03:38:16Z" duration="0.000172" asserts="0">
          <properties>
            <property name="retryIteration" value="0" />
            <property name="repeatIteration" value="0" />
          </properties>
        </test-case>
        <test-case id="1052" name="IsTutorQuizFinished_IsTrue_WhenCountAboveTarget" fullname="TutorQuizStateTrackerTests.IsTutorQuizFinished_IsTrue_WhenCountAboveTarget" methodname="IsTutorQuizFinished_IsTrue_WhenCountAboveTarget" classname="TutorQuizStateTrackerTests" runstate="Runnable" seed="1719919533" result="Passed" start-time="2026-06-09 03:38:16Z" end-time="2026-06-09 03:38:16Z" duration="0.000139" asserts="0">
          <properties>
            <property name="retryIteration" value="0" />
            <property name="repeatIteration" value="0" />
          </properties>
        </test-case>
        <test-case id="1051" name="IsTutorQuizFinished_IsTrue_WhenCountAtTarget" fullname="TutorQuizStateTrackerTests.IsTutorQuizFinished_IsTrue_WhenCountAtTarget" methodname="IsTutorQuizFinished_IsTrue_WhenCountAtTarget" classname="TutorQuizStateTrackerTests" runstate="Runnable" seed="500612844" result="Passed" start-time="2026-06-09 03:38:16Z" end-time="2026-06-09 03:38:16Z" duration="0.000133" asserts="0">
          <properties>
            <property name="retryIteration" value="0" />
            <property name="repeatIteration" value="0" />
          </properties>
        </test-case>
        <test-case id="1070" name="LastGradedWasCorrect_DefaultsFalse_ThenSetTrue" fullname="TutorQuizStateTrackerTests.LastGradedWasCorrect_DefaultsFalse_ThenSetTrue" methodname="LastGradedWasCorrect_DefaultsFalse_ThenSetTrue" classname="TutorQuizStateTrackerTests" runstate="Runnable" seed="1067713899" result="Passed" start-time="2026-06-09 03:38:16Z" end-time="2026-06-09 03:38:16Z" duration="0.000091" asserts="0">
          <properties>
            <property name="retryIteration" value="0" />
            <property name="repeatIteration" value="0" />
          </properties>
        </test-case>
        <test-case id="1047" name="NullFlowchart_IsTutorQuizFinished_IsFalse_WhenCountWouldBeZero" fullname="TutorQuizStateTrackerTests.NullFlowchart_IsTutorQuizFinished_IsFalse_WhenCountWouldBeZero" methodname="NullFlowchart_IsTutorQuizFinished_IsFalse_WhenCountWouldBeZero" classname="TutorQuizStateTrackerTests" runstate="Runnable" seed="96579165" result="Passed" start-time="2026-06-09 03:38:16Z" end-time="2026-06-09 03:38:16Z" duration="0.000080" asserts="0">
          <properties>
            <property name="retryIteration" value="0" />
            <property name="repeatIteration" value="0" />
          </properties>
        </test-case>
        <test-case id="1049" name="NullFlowchart_ResolveCorrectAnswerCountKey_ReturnsCanonicalKey" fullname="TutorQuizStateTrackerTests.NullFlowchart_ResolveCorrectAnswerCountKey_ReturnsCanonicalKey" methodname="NullFlowchart_ResolveCorrectAnswerCountKey_ReturnsCanonicalKey" classname="TutorQuizStateTrackerTests" runstate="Runnable" seed="1643022759" result="Passed" start-time="2026-06-09 03:38:16Z" end-time="2026-06-09 03:38:16Z" duration="0.000074" asserts="0">
          <properties>
            <property name="retryIteration" value="0" />
            <property name="repeatIteration" value="0" />
          </properties>
        </test-case>
        <test-case id="1048" name="NullFlowchart_WriteCorrectAnswerCount_DoesNotThrow" fullname="TutorQuizStateTrackerTests.NullFlowchart_WriteCorrectAnswerCount_DoesNotThrow" methodname="NullFlowchart_WriteCorrectAnswerCount_DoesNotThrow" classname="TutorQuizStateTrackerTests" runstate="Runnable" seed="2001339373" result="Passed" start-time="2026-06-09 03:38:16Z" end-time="2026-06-09 03:38:16Z" duration="0.000129" asserts="0">
          <properties>
            <property name="retryIteration" value="0" />
            <property name="repeatIteration" value="0" />
          </properties>
        </test-case>
        <test-case id="1067" name="ResetTutorClickStateFlags_NullFlowchart_DoesNotThrow" fullname="TutorQuizStateTrackerTests.ResetTutorClickStateFlags_NullFlowchart_DoesNotThrow" methodname="ResetTutorClickStateFlags_NullFlowchart_DoesNotThrow" classname="TutorQuizStateTrackerTests" runstate="Runnable" seed="416250441" result="Passed" start-time="2026-06-09 03:38:16Z" end-time="2026-06-09 03:38:16Z" duration="0.000149" asserts="0">
          <properties>
            <property name="retryIteration" value="0" />
            <property name="repeatIteration" value="0" />
          </properties>
        </test-case>
        <test-case id="1066" name="ResetTutorClickStateFlags_ResetsWindowClickedAndIsClicked" fullname="TutorQuizStateTrackerTests.ResetTutorClickStateFlags_ResetsWindowClickedAndIsClicked" methodname="ResetTutorClickStateFlags_ResetsWindowClickedAndIsClicked" classname="TutorQuizStateTrackerTests" runstate="Runnable" seed="1938663428" result="Passed" start-time="2026-06-09 03:38:16Z" end-time="2026-06-09 03:38:16Z" duration="0.000329" asserts="0">
          <properties>
            <property name="retryIteration" value="0" />
            <property name="repeatIteration" value="0" />
          </properties>
        </test-case>
        <test-case id="1064" name="ResolveCorrectAnswerCountKey_FallsBackToTypo_WhenCanonicalMissing" fullname="TutorQuizStateTrackerTests.ResolveCorrectAnswerCountKey_FallsBackToTypo_WhenCanonicalMissing" methodname="ResolveCorrectAnswerCountKey_FallsBackToTypo_WhenCanonicalMissing" classname="TutorQuizStateTrackerTests" runstate="Runnable" seed="1286909522" result="Passed" start-time="2026-06-09 03:38:16Z" end-time="2026-06-09 03:38:16Z" duration="0.000229" asserts="0">
          <properties>
            <property name="retryIteration" value="0" />
            <property name="repeatIteration" value="0" />
          </properties>
        </test-case>
        <test-case id="1063" name="ResolveCorrectAnswerCountKey_PrefersCanonicalKey" fullname="TutorQuizStateTrackerTests.ResolveCorrectAnswerCountKey_PrefersCanonicalKey" methodname="ResolveCorrectAnswerCountKey_PrefersCanonicalKey" classname="TutorQuizStateTrackerTests" runstate="Runnable" seed="190128327" result="Passed" start-time="2026-06-09 03:38:16Z" end-time="2026-06-09 03:38:16Z" duration="0.000157" asserts="0">
          <properties>
            <property name="retryIteration" value="0" />
            <property name="repeatIteration" value="0" />
          </properties>
        </test-case>
        <test-case id="1071" name="ResolveCurrentQuestionIdFromOrderAsset_NullFlowchart_ReturnsNull" fullname="TutorQuizStateTrackerTests.ResolveCurrentQuestionIdFromOrderAsset_NullFlowchart_ReturnsNull" methodname="ResolveCurrentQuestionIdFromOrderAsset_NullFlowchart_ReturnsNull" classname="TutorQuizStateTrackerTests" runstate="Runnable" seed="36119951" result="Passed" start-time="2026-06-09 03:38:16Z" end-time="2026-06-09 03:38:16Z" duration="0.000289" asserts="0">
          <properties>
            <property name="retryIteration" value="0" />
            <property name="repeatIteration" value="0" />
          </properties>
        </test-case>
        <test-case id="1062" name="TryFinalizeQuizSession_DoesNotFire_WhenCountBelowTarget" fullname="TutorQuizStateTrackerTests.TryFinalizeQuizSession_DoesNotFire_WhenCountBelowTarget" methodname="TryFinalizeQuizSession_DoesNotFire_WhenCountBelowTarget" classname="TutorQuizStateTrackerTests" runstate="Runnable" seed="526887877" result="Passed" start-time="2026-06-09 03:38:16Z" end-time="2026-06-09 03:38:16Z" duration="0.000255" asserts="0">
          <properties>
            <property name="retryIteration" value="0" />
            <property name="repeatIteration" value="0" />
          </properties>
        </test-case>
        <test-case id="1061" name="TryFinalizeQuizSession_DoesNotFireTwice" fullname="TutorQuizStateTrackerTests.TryFinalizeQuizSession_DoesNotFireTwice" methodname="TryFinalizeQuizSession_DoesNotFireTwice" classname="TutorQuizStateTrackerTests" runstate="Runnable" seed="142839287" result="Passed" start-time="2026-06-09 03:38:16Z" end-time="2026-06-09 03:38:16Z" duration="0.000313" asserts="0">
          <properties>
            <property name="retryIteration" value="0" />
            <property name="repeatIteration" value="0" />
          </properties>
        </test-case>
        <test-case id="1060" name="TryFinalizeQuizSession_FiresEvent_WhenCountReachesTarget" fullname="TutorQuizStateTrackerTests.TryFinalizeQuizSession_FiresEvent_WhenCountReachesTarget" methodname="TryFinalizeQuizSession_FiresEvent_WhenCountReachesTarget" classname="TutorQuizStateTrackerTests" runstate="Runnable" seed="692193113" result="Passed" start-time="2026-06-09 03:38:16Z" end-time="2026-06-09 03:38:16Z" duration="0.000257" asserts="0">
          <properties>
            <property name="retryIteration" value="0" />
            <property name="repeatIteration" value="0" />
          </properties>
        </test-case>
        <test-case id="1065" name="WriteCorrectAnswerCount_WritesValue" fullname="TutorQuizStateTrackerTests.WriteCorrectAnswerCount_WritesValue" methodname="WriteCorrectAnswerCount_WritesValue" classname="TutorQuizStateTrackerTests" runstate="Runnable" seed="1977938036" result="Passed" start-time="2026-06-09 03:38:16Z" end-time="2026-06-09 03:38:16Z" duration="0.000170" asserts="0">
          <properties>
            <property name="retryIteration" value="0" />
            <property name="repeatIteration" value="0" />
          </properties>
        </test-case>
      </test-suite>
      <test-suite type="TestFixture" id="1437" name="WifeRoomPuzzleControllerTests" fullname="WifeRoomPuzzleControllerTests" classname="WifeRoomPuzzleControllerTests" runstate="Runnable" testcasecount="8" result="Passed" start-time="2026-06-09 03:38:16Z" end-time="2026-06-09 03:38:16Z" duration="0.004375" total="8" passed="8" failed="0" inconclusive="0" skipped="0" asserts="0">
        <properties />
        <test-case id="1445" name="OnBlockEnd_SelectNo_ResetsIsClicked" fullname="WifeRoomPuzzleControllerTests.OnBlockEnd_SelectNo_ResetsIsClicked" methodname="OnBlockEnd_SelectNo_ResetsIsClicked" classname="WifeRoomPuzzleControllerTests" runstate="Runnable" seed="144501821" result="Passed" start-time="2026-06-09 03:38:16Z" end-time="2026-06-09 03:38:16Z" duration="0.001094" asserts="0">
          <properties>
            <property name="retryIteration" value="0" />
            <property name="repeatIteration" value="0" />
          </properties>
          <output><![CDATA[[FlowchartLocator] 'Variablemanager' GameObject를 찾을 수 없습니다.
]]></output>
        </test-case>
        <test-case id="1444" name="OnBlockEnd_SelectYes_InvokesGoBackHandler" fullname="WifeRoomPuzzleControllerTests.OnBlockEnd_SelectYes_InvokesGoBackHandler" methodname="OnBlockEnd_SelectYes_InvokesGoBackHandler" classname="WifeRoomPuzzleControllerTests" runstate="Runnable" seed="594259192" result="Passed" start-time="2026-06-09 03:38:16Z" end-time="2026-06-09 03:38:16Z" duration="0.000286" asserts="0">
          <properties>
            <property name="retryIteration" value="0" />
            <property name="repeatIteration" value="0" />
          </properties>
        </test-case>
        <test-case id="1442" name="OnClosePanel_DeactivatesPanelAndResetsIsClicked" fullname="WifeRoomPuzzleControllerTests.OnClosePanel_DeactivatesPanelAndResetsIsClicked" methodname="OnClosePanel_DeactivatesPanelAndResetsIsClicked" classname="WifeRoomPuzzleControllerTests" runstate="Runnable" seed="1032777394" result="Passed" start-time="2026-06-09 03:38:16Z" end-time="2026-06-09 03:38:16Z" duration="0.000576" asserts="0">
          <properties>
            <property name="retryIteration" value="0" />
            <property name="repeatIteration" value="0" />
          </properties>
          <output><![CDATA[[FlowchartLocator] 'Variablemanager' GameObject를 찾을 수 없습니다.
]]></output>
        </test-case>
        <test-case id="1443" name="OnInteraction_BackId_ExecutesBackSpaceClickedBlock" fullname="WifeRoomPuzzleControllerTests.OnInteraction_BackId_ExecutesBackSpaceClickedBlock" methodname="OnInteraction_BackId_ExecutesBackSpaceClickedBlock" classname="WifeRoomPuzzleControllerTests" runstate="Runnable" seed="2005507716" result="Passed" start-time="2026-06-09 03:38:16Z" end-time="2026-06-09 03:38:16Z" duration="0.000292" asserts="0">
          <properties>
            <property name="retryIteration" value="0" />
            <property name="repeatIteration" value="0" />
          </properties>
        </test-case>
        <test-case id="1440" name="OnInteraction_DownDrawerId_ExecutesMappedBlock" fullname="WifeRoomPuzzleControllerTests.OnInteraction_DownDrawerId_ExecutesMappedBlock" methodname="OnInteraction_DownDrawerId_ExecutesMappedBlock" classname="WifeRoomPuzzleControllerTests" runstate="Runnable" seed="1195367843" result="Passed" start-time="2026-06-09 03:38:16Z" end-time="2026-06-09 03:38:16Z" duration="0.000257" asserts="0">
          <properties>
            <property name="retryIteration" value="0" />
            <property name="repeatIteration" value="0" />
          </properties>
        </test-case>
        <test-case id="1438" name="OnInteraction_UnknownId_IsIgnored" fullname="WifeRoomPuzzleControllerTests.OnInteraction_UnknownId_IsIgnored" methodname="OnInteraction_UnknownId_IsIgnored" classname="WifeRoomPuzzleControllerTests" runstate="Runnable" seed="66710283" result="Passed" start-time="2026-06-09 03:38:16Z" end-time="2026-06-09 03:38:16Z" duration="0.000354" asserts="0">
          <properties>
            <property name="retryIteration" value="0" />
            <property name="repeatIteration" value="0" />
          </properties>
        </test-case>
        <test-case id="1441" name="OnInteraction_UnlockId_ExecutesUnlockSuccessBlock" fullname="WifeRoomPuzzleControllerTests.OnInteraction_UnlockId_ExecutesUnlockSuccessBlock" methodname="OnInteraction_UnlockId_ExecutesUnlockSuccessBlock" classname="WifeRoomPuzzleControllerTests" runstate="Runnable" seed="924170001" result="Passed" start-time="2026-06-09 03:38:16Z" end-time="2026-06-09 03:38:16Z" duration="0.000267" asserts="0">
          <properties>
            <property name="retryIteration" value="0" />
            <property name="repeatIteration" value="0" />
          </properties>
        </test-case>
        <test-case id="1439" name="OnInteraction_WallclockId_ExecutesMappedBlock" fullname="WifeRoomPuzzleControllerTests.OnInteraction_WallclockId_ExecutesMappedBlock" methodname="OnInteraction_WallclockId_ExecutesMappedBlock" classname="WifeRoomPuzzleControllerTests" runstate="Runnable" seed="925055770" result="Passed" start-time="2026-06-09 03:38:16Z" end-time="2026-06-09 03:38:16Z" duration="0.000309" asserts="0">
          <properties>
            <property name="retryIteration" value="0" />
            <property name="repeatIteration" value="0" />
          </properties>
        </test-case>
      </test-suite>
      <test-suite type="TestFixture" id="1446" name="WorldSpriteDepthSorter2DTests" fullname="WorldSpriteDepthSorter2DTests" classname="WorldSpriteDepthSorter2DTests" runstate="Runnable" testcasecount="4" result="Passed" start-time="2026-06-09 03:38:16Z" end-time="2026-06-09 03:38:16Z" duration="0.003523" total="4" passed="4" failed="0" inconclusive="0" skipped="0" asserts="0">
        <properties />
        <test-case id="1448" name="SortActiveSceneSprites_PreservesUiBackGroundSortingLayer" fullname="WorldSpriteDepthSorter2DTests.SortActiveSceneSprites_PreservesUiBackGroundSortingLayer" methodname="SortActiveSceneSprites_PreservesUiBackGroundSortingLayer" classname="WorldSpriteDepthSorter2DTests" runstate="Runnable" seed="1960568119" result="Passed" start-time="2026-06-09 03:38:16Z" end-time="2026-06-09 03:38:16Z" duration="0.001728" asserts="0">
          <properties>
            <property name="retryIteration" value="0" />
            <property name="repeatIteration" value="0" />
          </properties>
        </test-case>
        <test-case id="1447" name="SortActiveSceneSprites_PreservesUiSortingLayer" fullname="WorldSpriteDepthSorter2DTests.SortActiveSceneSprites_PreservesUiSortingLayer" methodname="SortActiveSceneSprites_PreservesUiSortingLayer" classname="WorldSpriteDepthSorter2DTests" runstate="Runnable" seed="1131919326" result="Passed" start-time="2026-06-09 03:38:16Z" end-time="2026-06-09 03:38:16Z" duration="0.000203" asserts="0">
          <properties>
            <property name="retryIteration" value="0" />
            <property name="repeatIteration" value="0" />
          </properties>
        </test-case>
        <test-case id="1449" name="SortActiveSceneSprites_SkipsJumpscareGameOverOverlay" fullname="WorldSpriteDepthSorter2DTests.SortActiveSceneSprites_SkipsJumpscareGameOverOverlay" methodname="SortActiveSceneSprites_SkipsJumpscareGameOverOverlay" classname="WorldSpriteDepthSorter2DTests" runstate="Runnable" seed="344405863" result="Passed" start-time="2026-06-09 03:38:16Z" end-time="2026-06-09 03:38:16Z" duration="0.000437" asserts="0">
          <properties>
            <property name="retryIteration" value="0" />
            <property name="repeatIteration" value="0" />
          </properties>
        </test-case>
        <test-case id="1450" name="SortActiveSceneSprites_StillSortsDefaultLayerSprites" fullname="WorldSpriteDepthSorter2DTests.SortActiveSceneSprites_StillSortsDefaultLayerSprites" methodname="SortActiveSceneSprites_StillSortsDefaultLayerSprites" classname="WorldSpriteDepthSorter2DTests" runstate="Runnable" seed="961016516" result="Passed" start-time="2026-06-09 03:38:16Z" end-time="2026-06-09 03:38:16Z" duration="0.000521" asserts="0">
          <properties>
            <property name="retryIteration" value="0" />
            <property name="repeatIteration" value="0" />
          </properties>
          <output><![CDATA[<b><color=#2EA3FF>MCP-FOR-UNITY</color></b>: [TestRunnerNoThrottle] Restored Interaction Mode after test run.
Saving results to: C:/Users/user/AppData/LocalLow/DefaultCompany/The Unholy of Mention \TestResults.xml
]]></output>
        </test-case>
      </test-suite>
    </test-suite>
  </test-suite>
</test-run>